-- The C compiler identification is GNU 13.3.0
-- The CXX compiler identification is GNU 13.3.0
-- Detecting C compiler ABI info
-- Detecting C compiler ABI info - done
-- Check for working C compiler: /usr/bin/cc - skipped
-- Detecting C compile features
-- Detecting C compile features - done
-- Detecting CXX compiler ABI info
-- Detecting CXX compiler ABI info - done
-- Check for working CXX compiler: /usr/bin/c++ - skipped
-- Detecting CXX compile features
-- Detecting CXX compile features - done
-- Found ament_cmake: 2.5.4 (/opt/ros/jazzy/share/ament_cmake/cmake)
-- Found Python3: /usr/bin/python3 (found version "3.12.3") found components: Interpreter 
-- Found ament_lint_auto: 0.17.3 (/opt/ros/jazzy/share/ament_lint_auto/cmake)
-- Added test 'cppcheck' to perform static code analysis on C / C++ code
-- Configured cppcheck include dirs: $<BUILD_INTERFACE:/home/nilum-sachithya/ros2_ws/src/firstpkg/include>
-- Configured cppcheck exclude dirs and/or files: 
-- Added test 'lint_cmake' to check CMake code style
-- Added test 'uncrustify' to check C / C++ code style
-- Configured uncrustify additional arguments: 
-- Added test 'xmllint' to check XML markup files
-- Configuring done (0.8s)
-- Generating done (0.0s)
-- Build files have been written to: /home/nilum-sachithya/ros2_ws/src/build/firstpkg
[ 50%] [32mBuilding CXX object CMakeFiles/firstnode.dir/src/firstnode.cpp.o[0m
[100%] [32m[1mLinking CXX executable firstnode[0m
[100%] Built target firstnode
-- Install configuration: ""
-- Installing: /home/nilum-sachithya/ros2_ws/src/install/firstpkg/lib/firstpkg/firstnode
-- Installing: /home/nilum-sachithya/ros2_ws/src/install/firstpkg/share/ament_index/resource_index/package_run_dependencies/firstpkg
-- Installing: /home/nilum-sachithya/ros2_ws/src/install/firstpkg/share/ament_index/resource_index/parent_prefix_path/firstpkg
-- Installing: /home/nilum-sachithya/ros2_ws/src/install/firstpkg/share/firstpkg/environment/ament_prefix_path.sh
-- Installing: /home/nilum-sachithya/ros2_ws/src/install/firstpkg/share/firstpkg/environment/ament_prefix_path.dsv
-- Installing: /home/nilum-sachithya/ros2_ws/src/install/firstpkg/share/firstpkg/environment/path.sh
-- Installing: /home/nilum-sachithya/ros2_ws/src/install/firstpkg/share/firstpkg/environment/path.dsv
-- Installing: /home/nilum-sachithya/ros2_ws/src/install/firstpkg/share/firstpkg/local_setup.bash
-- Installing: /home/nilum-sachithya/ros2_ws/src/install/firstpkg/share/firstpkg/local_setup.sh
-- Installing: /home/nilum-sachithya/ros2_ws/src/install/firstpkg/share/firstpkg/local_setup.zsh
-- Installing: /home/nilum-sachithya/ros2_ws/src/install/firstpkg/share/firstpkg/local_setup.dsv
-- Installing: /home/nilum-sachithya/ros2_ws/src/install/firstpkg/share/firstpkg/package.dsv
-- Installing: /home/nilum-sachithya/ros2_ws/src/install/firstpkg/share/ament_index/resource_index/packages/firstpkg
-- Installing: /home/nilum-sachithya/ros2_ws/src/install/firstpkg/share/firstpkg/cmake/firstpkgConfig.cmake
-- Installing: /home/nilum-sachithya/ros2_ws/src/install/firstpkg/share/firstpkg/cmake/firstpkgConfig-version.cmake
-- Installing: /home/nilum-sachithya/ros2_ws/src/install/firstpkg/share/firstpkg/package.xml
