[0.011s] Invoking command in '/home/nilum-sachithya/ros2_ws/src/build/newp': CMAKE_PREFIX_PATH=${CMAKE_PREFIX_PATH}:/opt/ros/jazzy DEBUGINFOD_URLS=https://debuginfod.ubuntu.com /usr/bin/cmake /home/nilum-sachithya/ros2_ws/src/newp -DCMAKE_INSTALL_PREFIX=/home/nilum-sachithya/ros2_ws/src/install/newp
[0.078s] -- The C compiler identification is GNU 13.3.0
[0.147s] -- The CXX compiler identification is GNU 13.3.0
[0.166s] -- Detecting C compiler ABI info
[0.269s] -- Detecting C compiler ABI info - done
[0.281s] -- Check for working C compiler: /usr/bin/cc - skipped
[0.281s] -- Detecting C compile features
[0.282s] -- Detecting C compile features - done
[0.292s] -- Detecting CXX compiler ABI info
[0.406s] -- Detecting CXX compiler ABI info - done
[0.418s] -- Check for working CXX compiler: /usr/bin/c++ - skipped
[0.418s] -- Detecting CXX compile features
[0.419s] -- Detecting CXX compile features - done
[0.422s] -- Found ament_cmake: 2.5.4 (/opt/ros/jazzy/share/ament_cmake/cmake)
[0.607s] -- Found Python3: /usr/bin/python3 (found version "3.12.3") found components: Interpreter 
[0.737s] -- Found ament_lint_auto: 0.17.3 (/opt/ros/jazzy/share/ament_lint_auto/cmake)
[0.873s] -- Added test 'cppcheck' to perform static code analysis on C / C++ code
[0.873s] -- Configured cppcheck include dirs: $<BUILD_INTERFACE:/home/nilum-sachithya/ros2_ws/src/newp/include>
[0.873s] -- Configured cppcheck exclude dirs and/or files: 
[0.875s] -- Added test 'lint_cmake' to check CMake code style
[0.876s] -- Added test 'uncrustify' to check C / C++ code style
[0.876s] -- Configured uncrustify additional arguments: 
[0.876s] -- Added test 'xmllint' to check XML markup files
[0.878s] [31mCMake Error at CMakeLists.txt:14 (add_executable):
[0.878s]   The target name "test" is reserved when CTest testing is enabled.
[0.878s] 
[0.878s] [0m
[0.878s] -- Configuring incomplete, errors occurred!
[0.885s] Invoked command in '/home/nilum-sachithya/ros2_ws/src/build/newp' returned '1': CMAKE_PREFIX_PATH=${CMAKE_PREFIX_PATH}:/opt/ros/jazzy DEBUGINFOD_URLS=https://debuginfod.ubuntu.com /usr/bin/cmake /home/nilum-sachithya/ros2_ws/src/newp -DCMAKE_INSTALL_PREFIX=/home/nilum-sachithya/ros2_ws/src/install/newp
