[0.000000] (-) TimerEvent: {}
[0.000393] (-) JobUnselected: {'identifier': 'Nilums_pkg'}
[0.000448] (-) JobUnselected: {'identifier': 'turtlesim'}
[0.000462] (Testpkg) JobQueued: {'identifier': 'Testpkg', 'dependencies': OrderedDict()}
[0.000525] (Testpkg) JobStarted: {'identifier': 'Testpkg'}
[0.004730] (Testpkg) JobProgress: {'identifier': 'Testpkg', 'progress': 'cmake'}
[0.005086] (Testpkg) Command: {'cmd': ['/usr/bin/cmake', '/home/nilum-sachithya/ros2_ws/src/Testpkg', '-DCMAKE_INSTALL_PREFIX=/home/nilum-sachithya/ros2_ws/install/Testpkg'], 'cwd': '/home/nilum-sachithya/ros2_ws/build/Testpkg', 'env': OrderedDict({'USER': 'nilum-sachithya', 'XDG_SESSION_TYPE': 'wayland', 'SHLVL': '1', 'LD_LIBRARY_PATH': '/home/nilum-sachithya/ros2_ws/install/turtlesim/lib:/opt/ros/jazzy/opt/rviz_ogre_vendor/lib:/opt/ros/jazzy/lib/x86_64-linux-gnu:/opt/ros/jazzy/opt/gz_math_vendor/lib:/opt/ros/jazzy/opt/gz_utils_vendor/lib:/opt/ros/jazzy/opt/gz_cmake_vendor/lib:/opt/ros/jazzy/lib', 'HOME': '/home/nilum-sachithya', 'OLDPWD': '/home/nilum-sachithya/ros2_ws/src', 'DESKTOP_SESSION': 'ubuntu', 'ROS_PYTHON_VERSION': '3', 'GNOME_SHELL_SESSION_MODE': 'ubuntu', 'GTK_MODULES': 'gail:atk-bridge', 'SYSTEMD_EXEC_PID': '3153', 'GSM_SKIP_SSH_AGENT_WORKAROUND': 'true', 'DBUS_SESSION_BUS_ADDRESS': 'unix:path=/run/user/1000/bus', 'COLORTERM': 'truecolor', 'GNOME_KEYRING_CONTROL': '/run/user/1000/keyring', 'NVM_DIR': '/home/nilum-sachithya/.nvm', 'DEBUGINFOD_URLS': 'https://debuginfod.ubuntu.com', 'IM_CONFIG_PHASE': '1', 'WAYLAND_DISPLAY': 'wayland-0', 'COLCON_PREFIX_PATH': '/home/nilum-sachithya/ros2_ws/install', 'ROS_DISTRO': 'jazzy', 'LOGNAME': 'nilum-sachithya', '_': '/usr/bin/colcon', 'ROS_VERSION': '2', 'MEMORY_PRESSURE_WATCH': '/sys/fs/cgroup/user.slice/user-1000.slice/user@1000.service/session.slice/org.gnome.SettingsDaemon.MediaKeys.service/memory.pressure', 'XDG_SESSION_CLASS': 'user', 'USERNAME': 'nilum-sachithya', 'TERM': 'xterm-256color', 'GNOME_DESKTOP_SESSION_ID': 'this-is-deprecated', 'PATH': '/home/nilum-sachithya/Desktop/pintos.tar./pint/toolchain/x86_64/bin:/opt/ros/jazzy/bin:/home/nilum-sachithya/Desktop/pintos.tar./pint/toolchain/x86_64/bin:/usr/local/sbin:/usr/local/bin:/usr/sbin:/usr/bin:/sbin:/bin:/usr/games:/usr/local/games:/snap/bin:/snap/bin', 'SESSION_MANAGER': 'local/nilum-sachithya-ASUS-TUF-Gaming-F15-FX506HF-FX506HF:@/tmp/.ICE-unix/2949,unix/nilum-sachithya-ASUS-TUF-Gaming-F15-FX506HF-FX506HF:/tmp/.ICE-unix/2949', 'XDG_MENU_PREFIX': 'gnome-', 'GNOME_TERMINAL_SCREEN': '/org/gnome/Terminal/screen/b0be4c08_dff6_4551_ab2b_8db985314101', 'GNOME_SETUP_DISPLAY': ':1', 'XDG_RUNTIME_DIR': '/run/user/1000', 'DISPLAY': ':0', 'LANG': 'en_US.UTF-8', 'XDG_CURRENT_DESKTOP': 'ubuntu:GNOME', 'XMODIFIERS': '@im=ibus', 'XDG_SESSION_DESKTOP': 'ubuntu', 'XAUTHORITY': '/run/user/1000/.mutter-Xwaylandauth.KDUDJ3', 'GNOME_TERMINAL_SERVICE': ':1.123', 'SSH_AUTH_SOCK': '/run/user/1000/keyring/ssh', 'AMENT_PREFIX_PATH': '/home/nilum-sachithya/ros2_ws/install/Nilums_pkg:/home/nilum-sachithya/ros2_ws/install/turtlesim:/opt/ros/jazzy', 'SHELL': '/bin/bash', 'QT_ACCESSIBILITY': '1', 'GDMSESSION': 'ubuntu', 'ROS_AUTOMATIC_DISCOVERY_RANGE': 'SUBNET', 'QT_IM_MODULE': 'ibus', 'PWD': '/home/nilum-sachithya/ros2_ws/build/Testpkg', 'LC_ALL': 'en_US.UTF-8', 'XDG_CONFIG_DIRS': '/etc/xdg/xdg-ubuntu:/etc/xdg', 'XDG_DATA_DIRS': '/usr/share/ubuntu:/usr/share/gnome:/usr/local/share/:/usr/share/:/var/lib/snapd/desktop', 'PYTHONPATH': '/home/nilum-sachithya/ros2_ws/install/turtlesim/lib/python3.12/site-packages:/opt/ros/jazzy/lib/python3.12/site-packages', 'COLCON': '1', 'MEMORY_PRESSURE_WRITE': 'c29tZSAyMDAwMDAgMjAwMDAwMAA=', 'VTE_VERSION': '7600', 'CMAKE_PREFIX_PATH': '/home/nilum-sachithya/ros2_ws/install/Nilums_pkg:/home/nilum-sachithya/ros2_ws/install/turtlesim:/opt/ros/jazzy/opt/gz_math_vendor:/opt/ros/jazzy/opt/gz_utils_vendor:/opt/ros/jazzy/opt/gz_cmake_vendor:/opt/ros/jazzy'}), 'shell': False}
[0.041350] (Testpkg) StdoutLine: {'line': b'-- The C compiler identification is GNU 13.3.0\n'}
[0.086636] (Testpkg) StdoutLine: {'line': b'-- The CXX compiler identification is GNU 13.3.0\n'}
[0.095670] (Testpkg) StdoutLine: {'line': b'-- Detecting C compiler ABI info\n'}
[0.099910] (-) TimerEvent: {}
[0.169292] (Testpkg) StdoutLine: {'line': b'-- Detecting C compiler ABI info - done\n'}
[0.175854] (Testpkg) StdoutLine: {'line': b'-- Check for working C compiler: /usr/bin/cc - skipped\n'}
[0.175965] (Testpkg) StdoutLine: {'line': b'-- Detecting C compile features\n'}
[0.176322] (Testpkg) StdoutLine: {'line': b'-- Detecting C compile features - done\n'}
[0.182304] (Testpkg) StdoutLine: {'line': b'-- Detecting CXX compiler ABI info\n'}
[0.200010] (-) TimerEvent: {}
[0.246910] (Testpkg) StdoutLine: {'line': b'-- Detecting CXX compiler ABI info - done\n'}
[0.256111] (Testpkg) StdoutLine: {'line': b'-- Check for working CXX compiler: /usr/bin/c++ - skipped\n'}
[0.256255] (Testpkg) StdoutLine: {'line': b'-- Detecting CXX compile features\n'}
[0.256789] (Testpkg) StdoutLine: {'line': b'-- Detecting CXX compile features - done\n'}
[0.258842] (Testpkg) StdoutLine: {'line': b'-- Found ament_cmake: 2.5.4 (/opt/ros/jazzy/share/ament_cmake/cmake)\n'}
[0.300124] (-) TimerEvent: {}
[0.351878] (Testpkg) StdoutLine: {'line': b'-- Found Python3: /usr/bin/python3 (found version "3.12.3") found components: Interpreter \n'}
[0.400206] (-) TimerEvent: {}
[0.421396] (Testpkg) StdoutLine: {'line': b'-- Found ament_lint_auto: 0.17.3 (/opt/ros/jazzy/share/ament_lint_auto/cmake)\n'}
[0.471841] (Testpkg) StderrLine: {'line': b'WARNING: Package name "Testpkg" does not follow the naming conventions. It should start with a lower case letter and only contain lower case letters, digits, underscores, and dashes.\n'}
[0.490972] (Testpkg) StdoutLine: {'line': b"-- Added test 'cppcheck' to perform static code analysis on C / C++ code\n"}
[0.491110] (Testpkg) StdoutLine: {'line': b'-- Configured cppcheck include dirs: $<BUILD_INTERFACE:/home/nilum-sachithya/ros2_ws/src/Testpkg/include>\n'}
[0.491163] (Testpkg) StdoutLine: {'line': b'-- Configured cppcheck exclude dirs and/or files: \n'}
[0.491760] (Testpkg) StdoutLine: {'line': b"-- Added test 'lint_cmake' to check CMake code style\n"}
[0.492559] (Testpkg) StdoutLine: {'line': b"-- Added test 'uncrustify' to check C / C++ code style\n"}
[0.492623] (Testpkg) StdoutLine: {'line': b'-- Configured uncrustify additional arguments: \n'}
[0.493019] (Testpkg) StdoutLine: {'line': b"-- Added test 'xmllint' to check XML markup files\n"}
[0.494371] (Testpkg) StdoutLine: {'line': b'-- Configuring done (0.5s)\n'}
[0.498564] (Testpkg) StdoutLine: {'line': b'-- Generating done (0.0s)\n'}
[0.500262] (-) TimerEvent: {}
[0.500629] (Testpkg) StdoutLine: {'line': b'-- Build files have been written to: /home/nilum-sachithya/ros2_ws/build/Testpkg\n'}
[0.504520] (Testpkg) CommandEnded: {'returncode': 0}
[0.504896] (Testpkg) JobProgress: {'identifier': 'Testpkg', 'progress': 'build'}
[0.505442] (Testpkg) Command: {'cmd': ['/usr/bin/cmake', '--build', '/home/nilum-sachithya/ros2_ws/build/Testpkg', '--', '-j16', '-l16'], 'cwd': '/home/nilum-sachithya/ros2_ws/build/Testpkg', 'env': OrderedDict({'USER': 'nilum-sachithya', 'XDG_SESSION_TYPE': 'wayland', 'SHLVL': '1', 'LD_LIBRARY_PATH': '/home/nilum-sachithya/ros2_ws/install/turtlesim/lib:/opt/ros/jazzy/opt/rviz_ogre_vendor/lib:/opt/ros/jazzy/lib/x86_64-linux-gnu:/opt/ros/jazzy/opt/gz_math_vendor/lib:/opt/ros/jazzy/opt/gz_utils_vendor/lib:/opt/ros/jazzy/opt/gz_cmake_vendor/lib:/opt/ros/jazzy/lib', 'HOME': '/home/nilum-sachithya', 'OLDPWD': '/home/nilum-sachithya/ros2_ws/src', 'DESKTOP_SESSION': 'ubuntu', 'ROS_PYTHON_VERSION': '3', 'GNOME_SHELL_SESSION_MODE': 'ubuntu', 'GTK_MODULES': 'gail:atk-bridge', 'SYSTEMD_EXEC_PID': '3153', 'GSM_SKIP_SSH_AGENT_WORKAROUND': 'true', 'DBUS_SESSION_BUS_ADDRESS': 'unix:path=/run/user/1000/bus', 'COLORTERM': 'truecolor', 'GNOME_KEYRING_CONTROL': '/run/user/1000/keyring', 'NVM_DIR': '/home/nilum-sachithya/.nvm', 'DEBUGINFOD_URLS': 'https://debuginfod.ubuntu.com', 'IM_CONFIG_PHASE': '1', 'WAYLAND_DISPLAY': 'wayland-0', 'COLCON_PREFIX_PATH': '/home/nilum-sachithya/ros2_ws/install', 'ROS_DISTRO': 'jazzy', 'LOGNAME': 'nilum-sachithya', '_': '/usr/bin/colcon', 'ROS_VERSION': '2', 'MEMORY_PRESSURE_WATCH': '/sys/fs/cgroup/user.slice/user-1000.slice/user@1000.service/session.slice/org.gnome.SettingsDaemon.MediaKeys.service/memory.pressure', 'XDG_SESSION_CLASS': 'user', 'USERNAME': 'nilum-sachithya', 'TERM': 'xterm-256color', 'GNOME_DESKTOP_SESSION_ID': 'this-is-deprecated', 'PATH': '/home/nilum-sachithya/Desktop/pintos.tar./pint/toolchain/x86_64/bin:/opt/ros/jazzy/bin:/home/nilum-sachithya/Desktop/pintos.tar./pint/toolchain/x86_64/bin:/usr/local/sbin:/usr/local/bin:/usr/sbin:/usr/bin:/sbin:/bin:/usr/games:/usr/local/games:/snap/bin:/snap/bin', 'SESSION_MANAGER': 'local/nilum-sachithya-ASUS-TUF-Gaming-F15-FX506HF-FX506HF:@/tmp/.ICE-unix/2949,unix/nilum-sachithya-ASUS-TUF-Gaming-F15-FX506HF-FX506HF:/tmp/.ICE-unix/2949', 'XDG_MENU_PREFIX': 'gnome-', 'GNOME_TERMINAL_SCREEN': '/org/gnome/Terminal/screen/b0be4c08_dff6_4551_ab2b_8db985314101', 'GNOME_SETUP_DISPLAY': ':1', 'XDG_RUNTIME_DIR': '/run/user/1000', 'DISPLAY': ':0', 'LANG': 'en_US.UTF-8', 'XDG_CURRENT_DESKTOP': 'ubuntu:GNOME', 'XMODIFIERS': '@im=ibus', 'XDG_SESSION_DESKTOP': 'ubuntu', 'XAUTHORITY': '/run/user/1000/.mutter-Xwaylandauth.KDUDJ3', 'GNOME_TERMINAL_SERVICE': ':1.123', 'SSH_AUTH_SOCK': '/run/user/1000/keyring/ssh', 'AMENT_PREFIX_PATH': '/home/nilum-sachithya/ros2_ws/install/Nilums_pkg:/home/nilum-sachithya/ros2_ws/install/turtlesim:/opt/ros/jazzy', 'SHELL': '/bin/bash', 'QT_ACCESSIBILITY': '1', 'GDMSESSION': 'ubuntu', 'ROS_AUTOMATIC_DISCOVERY_RANGE': 'SUBNET', 'QT_IM_MODULE': 'ibus', 'PWD': '/home/nilum-sachithya/ros2_ws/build/Testpkg', 'LC_ALL': 'en_US.UTF-8', 'XDG_CONFIG_DIRS': '/etc/xdg/xdg-ubuntu:/etc/xdg', 'XDG_DATA_DIRS': '/usr/share/ubuntu:/usr/share/gnome:/usr/local/share/:/usr/share/:/var/lib/snapd/desktop', 'PYTHONPATH': '/home/nilum-sachithya/ros2_ws/install/turtlesim/lib/python3.12/site-packages:/opt/ros/jazzy/lib/python3.12/site-packages', 'COLCON': '1', 'MEMORY_PRESSURE_WRITE': 'c29tZSAyMDAwMDAgMjAwMDAwMAA=', 'VTE_VERSION': '7600', 'CMAKE_PREFIX_PATH': '/home/nilum-sachithya/ros2_ws/install/Nilums_pkg:/home/nilum-sachithya/ros2_ws/install/turtlesim:/opt/ros/jazzy/opt/gz_math_vendor:/opt/ros/jazzy/opt/gz_utils_vendor:/opt/ros/jazzy/opt/gz_cmake_vendor:/opt/ros/jazzy'}), 'shell': False}
[0.535350] (Testpkg) StdoutLine: {'line': b'[ 50%] \x1b[32mBuilding CXX object CMakeFiles/testNode.dir/src/testNode.cpp.o\x1b[0m\n'}
[0.554230] (Testpkg) StdoutLine: {'line': b'[100%] \x1b[32m\x1b[1mLinking CXX executable testNode\x1b[0m\n'}
[0.582879] (Testpkg) StdoutLine: {'line': b'[100%] Built target testNode\n'}
[0.589949] (Testpkg) CommandEnded: {'returncode': 0}
[0.590369] (Testpkg) JobProgress: {'identifier': 'Testpkg', 'progress': 'install'}
[0.595772] (Testpkg) Command: {'cmd': ['/usr/bin/cmake', '--install', '/home/nilum-sachithya/ros2_ws/build/Testpkg'], 'cwd': '/home/nilum-sachithya/ros2_ws/build/Testpkg', 'env': OrderedDict({'USER': 'nilum-sachithya', 'XDG_SESSION_TYPE': 'wayland', 'SHLVL': '1', 'LD_LIBRARY_PATH': '/home/nilum-sachithya/ros2_ws/install/turtlesim/lib:/opt/ros/jazzy/opt/rviz_ogre_vendor/lib:/opt/ros/jazzy/lib/x86_64-linux-gnu:/opt/ros/jazzy/opt/gz_math_vendor/lib:/opt/ros/jazzy/opt/gz_utils_vendor/lib:/opt/ros/jazzy/opt/gz_cmake_vendor/lib:/opt/ros/jazzy/lib', 'HOME': '/home/nilum-sachithya', 'OLDPWD': '/home/nilum-sachithya/ros2_ws/src', 'DESKTOP_SESSION': 'ubuntu', 'ROS_PYTHON_VERSION': '3', 'GNOME_SHELL_SESSION_MODE': 'ubuntu', 'GTK_MODULES': 'gail:atk-bridge', 'SYSTEMD_EXEC_PID': '3153', 'GSM_SKIP_SSH_AGENT_WORKAROUND': 'true', 'DBUS_SESSION_BUS_ADDRESS': 'unix:path=/run/user/1000/bus', 'COLORTERM': 'truecolor', 'GNOME_KEYRING_CONTROL': '/run/user/1000/keyring', 'NVM_DIR': '/home/nilum-sachithya/.nvm', 'DEBUGINFOD_URLS': 'https://debuginfod.ubuntu.com', 'IM_CONFIG_PHASE': '1', 'WAYLAND_DISPLAY': 'wayland-0', 'COLCON_PREFIX_PATH': '/home/nilum-sachithya/ros2_ws/install', 'ROS_DISTRO': 'jazzy', 'LOGNAME': 'nilum-sachithya', '_': '/usr/bin/colcon', 'ROS_VERSION': '2', 'MEMORY_PRESSURE_WATCH': '/sys/fs/cgroup/user.slice/user-1000.slice/user@1000.service/session.slice/org.gnome.SettingsDaemon.MediaKeys.service/memory.pressure', 'XDG_SESSION_CLASS': 'user', 'USERNAME': 'nilum-sachithya', 'TERM': 'xterm-256color', 'GNOME_DESKTOP_SESSION_ID': 'this-is-deprecated', 'PATH': '/home/nilum-sachithya/Desktop/pintos.tar./pint/toolchain/x86_64/bin:/opt/ros/jazzy/bin:/home/nilum-sachithya/Desktop/pintos.tar./pint/toolchain/x86_64/bin:/usr/local/sbin:/usr/local/bin:/usr/sbin:/usr/bin:/sbin:/bin:/usr/games:/usr/local/games:/snap/bin:/snap/bin', 'SESSION_MANAGER': 'local/nilum-sachithya-ASUS-TUF-Gaming-F15-FX506HF-FX506HF:@/tmp/.ICE-unix/2949,unix/nilum-sachithya-ASUS-TUF-Gaming-F15-FX506HF-FX506HF:/tmp/.ICE-unix/2949', 'XDG_MENU_PREFIX': 'gnome-', 'GNOME_TERMINAL_SCREEN': '/org/gnome/Terminal/screen/b0be4c08_dff6_4551_ab2b_8db985314101', 'GNOME_SETUP_DISPLAY': ':1', 'XDG_RUNTIME_DIR': '/run/user/1000', 'DISPLAY': ':0', 'LANG': 'en_US.UTF-8', 'XDG_CURRENT_DESKTOP': 'ubuntu:GNOME', 'XMODIFIERS': '@im=ibus', 'XDG_SESSION_DESKTOP': 'ubuntu', 'XAUTHORITY': '/run/user/1000/.mutter-Xwaylandauth.KDUDJ3', 'GNOME_TERMINAL_SERVICE': ':1.123', 'SSH_AUTH_SOCK': '/run/user/1000/keyring/ssh', 'AMENT_PREFIX_PATH': '/home/nilum-sachithya/ros2_ws/install/Nilums_pkg:/home/nilum-sachithya/ros2_ws/install/turtlesim:/opt/ros/jazzy', 'SHELL': '/bin/bash', 'QT_ACCESSIBILITY': '1', 'GDMSESSION': 'ubuntu', 'ROS_AUTOMATIC_DISCOVERY_RANGE': 'SUBNET', 'QT_IM_MODULE': 'ibus', 'PWD': '/home/nilum-sachithya/ros2_ws/build/Testpkg', 'LC_ALL': 'en_US.UTF-8', 'XDG_CONFIG_DIRS': '/etc/xdg/xdg-ubuntu:/etc/xdg', 'XDG_DATA_DIRS': '/usr/share/ubuntu:/usr/share/gnome:/usr/local/share/:/usr/share/:/var/lib/snapd/desktop', 'PYTHONPATH': '/home/nilum-sachithya/ros2_ws/install/turtlesim/lib/python3.12/site-packages:/opt/ros/jazzy/lib/python3.12/site-packages', 'COLCON': '1', 'MEMORY_PRESSURE_WRITE': 'c29tZSAyMDAwMDAgMjAwMDAwMAA=', 'VTE_VERSION': '7600', 'CMAKE_PREFIX_PATH': '/home/nilum-sachithya/ros2_ws/install/Nilums_pkg:/home/nilum-sachithya/ros2_ws/install/turtlesim:/opt/ros/jazzy/opt/gz_math_vendor:/opt/ros/jazzy/opt/gz_utils_vendor:/opt/ros/jazzy/opt/gz_cmake_vendor:/opt/ros/jazzy'}), 'shell': False}
[0.600291] (Testpkg) StdoutLine: {'line': b'-- Install configuration: ""\n'}
[0.600379] (-) TimerEvent: {}
[0.600444] (Testpkg) StdoutLine: {'line': b'-- Installing: /home/nilum-sachithya/ros2_ws/install/Testpkg/lib/Testpkg/testNode\n'}
[0.600601] (Testpkg) StdoutLine: {'line': b'-- Installing: /home/nilum-sachithya/ros2_ws/install/Testpkg/share/ament_index/resource_index/package_run_dependencies/Testpkg\n'}
[0.600668] (Testpkg) StdoutLine: {'line': b'-- Installing: /home/nilum-sachithya/ros2_ws/install/Testpkg/share/ament_index/resource_index/parent_prefix_path/Testpkg\n'}
[0.600766] (Testpkg) StdoutLine: {'line': b'-- Installing: /home/nilum-sachithya/ros2_ws/install/Testpkg/share/Testpkg/environment/ament_prefix_path.sh\n'}
[0.600824] (Testpkg) StdoutLine: {'line': b'-- Installing: /home/nilum-sachithya/ros2_ws/install/Testpkg/share/Testpkg/environment/ament_prefix_path.dsv\n'}
[0.600884] (Testpkg) StdoutLine: {'line': b'-- Installing: /home/nilum-sachithya/ros2_ws/install/Testpkg/share/Testpkg/environment/path.sh\n'}
[0.600943] (Testpkg) StdoutLine: {'line': b'-- Installing: /home/nilum-sachithya/ros2_ws/install/Testpkg/share/Testpkg/environment/path.dsv\n'}
[0.601004] (Testpkg) StdoutLine: {'line': b'-- Installing: /home/nilum-sachithya/ros2_ws/install/Testpkg/share/Testpkg/local_setup.bash\n'}
[0.601076] (Testpkg) StdoutLine: {'line': b'-- Installing: /home/nilum-sachithya/ros2_ws/install/Testpkg/share/Testpkg/local_setup.sh\n'}
[0.601136] (Testpkg) StdoutLine: {'line': b'-- Installing: /home/nilum-sachithya/ros2_ws/install/Testpkg/share/Testpkg/local_setup.zsh\n'}
[0.601207] (Testpkg) StdoutLine: {'line': b'-- Installing: /home/nilum-sachithya/ros2_ws/install/Testpkg/share/Testpkg/local_setup.dsv\n'}
[0.601332] (Testpkg) StdoutLine: {'line': b'-- Installing: /home/nilum-sachithya/ros2_ws/install/Testpkg/share/Testpkg/package.dsv\n'}
[0.601394] (Testpkg) StdoutLine: {'line': b'-- Installing: /home/nilum-sachithya/ros2_ws/install/Testpkg/share/ament_index/resource_index/packages/Testpkg\n'}
[0.601455] (Testpkg) StdoutLine: {'line': b'-- Installing: /home/nilum-sachithya/ros2_ws/install/Testpkg/share/Testpkg/cmake/TestpkgConfig.cmake\n'}
[0.601513] (Testpkg) StdoutLine: {'line': b'-- Installing: /home/nilum-sachithya/ros2_ws/install/Testpkg/share/Testpkg/cmake/TestpkgConfig-version.cmake\n'}
[0.601576] (Testpkg) StdoutLine: {'line': b'-- Installing: /home/nilum-sachithya/ros2_ws/install/Testpkg/share/Testpkg/package.xml\n'}
[0.602555] (Testpkg) CommandEnded: {'returncode': 0}
[0.612224] (Testpkg) JobEnded: {'identifier': 'Testpkg', 'rc': 0}
[0.612669] (-) EventReactorShutdown: {}
