[0.000000] (-) TimerEvent: {}
[0.000353] (-) JobUnselected: {'identifier': 'newp'}
[0.000615] (firstpkg) JobQueued: {'identifier': 'firstpkg', 'dependencies': OrderedDict()}
[0.000645] (firstpkg) JobStarted: {'identifier': 'firstpkg'}
[0.008828] (firstpkg) JobProgress: {'identifier': 'firstpkg', 'progress': 'cmake'}
[0.009362] (firstpkg) Command: {'cmd': ['/usr/bin/cmake', '/home/nilum-sachithya/ros2_ws/src/firstpkg', '-DCMAKE_INSTALL_PREFIX=/home/nilum-sachithya/ros2_ws/src/install/firstpkg'], 'cwd': '/home/nilum-sachithya/ros2_ws/src/build/firstpkg', 'env': OrderedDict({'USER': 'nilum-sachithya', 'XDG_SESSION_TYPE': 'wayland', 'SHLVL': '1', 'LD_LIBRARY_PATH': '/opt/ros/jazzy/opt/rviz_ogre_vendor/lib:/opt/ros/jazzy/lib/x86_64-linux-gnu:/opt/ros/jazzy/opt/gz_math_vendor/lib:/opt/ros/jazzy/opt/gz_utils_vendor/lib:/opt/ros/jazzy/opt/gz_cmake_vendor/lib:/opt/ros/jazzy/lib', 'HOME': '/home/nilum-sachithya', 'OLDPWD': '/home/nilum-sachithya/ros2_ws', 'DESKTOP_SESSION': 'ubuntu', 'ROS_PYTHON_VERSION': '3', 'GNOME_SHELL_SESSION_MODE': 'ubuntu', 'GTK_MODULES': 'gail:atk-bridge', 'SYSTEMD_EXEC_PID': '3301', 'GSM_SKIP_SSH_AGENT_WORKAROUND': 'true', 'DBUS_SESSION_BUS_ADDRESS': 'unix:path=/run/user/1000/bus', 'COLORTERM': 'truecolor', 'GNOME_KEYRING_CONTROL': '/run/user/1000/keyring', 'NVM_DIR': '/home/nilum-sachithya/.nvm', 'DEBUGINFOD_URLS': 'https://debuginfod.ubuntu.com', 'IM_CONFIG_PHASE': '1', 'WAYLAND_DISPLAY': 'wayland-0', 'ROS_DISTRO': 'jazzy', 'LOGNAME': 'nilum-sachithya', '_': '/usr/bin/colcon', 'ROS_VERSION': '2', 'MEMORY_PRESSURE_WATCH': '/sys/fs/cgroup/user.slice/user-1000.slice/user@1000.service/session.slice/org.gnome.SettingsDaemon.MediaKeys.service/memory.pressure', 'XDG_SESSION_CLASS': 'user', 'USERNAME': 'nilum-sachithya', 'TERM': 'xterm-256color', 'GNOME_DESKTOP_SESSION_ID': 'this-is-deprecated', 'PATH': '/home/nilum-sachithya/Desktop/pintos.tar./pint/toolchain/x86_64/bin:/opt/ros/jazzy/bin:/home/nilum-sachithya/Desktop/pintos.tar./pint/toolchain/x86_64/bin:/usr/local/sbin:/usr/local/bin:/usr/sbin:/usr/bin:/sbin:/bin:/usr/games:/usr/local/games:/snap/bin:/snap/bin', 'SESSION_MANAGER': 'local/nilum-sachithya-ASUS-TUF-Gaming-F15-FX506HF-FX506HF:@/tmp/.ICE-unix/3075,unix/nilum-sachithya-ASUS-TUF-Gaming-F15-FX506HF-FX506HF:/tmp/.ICE-unix/3075', 'XDG_MENU_PREFIX': 'gnome-', 'GNOME_TERMINAL_SCREEN': '/org/gnome/Terminal/screen/ffed08fb_96ea_4681_9ec0_a4dfb3771023', 'GNOME_SETUP_DISPLAY': ':1', 'XDG_RUNTIME_DIR': '/run/user/1000', 'DISPLAY': ':0', 'LANG': 'en_US.UTF-8', 'XDG_CURRENT_DESKTOP': 'ubuntu:GNOME', 'XMODIFIERS': '@im=ibus', 'XDG_SESSION_DESKTOP': 'ubuntu', 'XAUTHORITY': '/run/user/1000/.mutter-Xwaylandauth.WXQKJ3', 'GNOME_TERMINAL_SERVICE': ':1.101', 'SSH_AUTH_SOCK': '/run/user/1000/keyring/ssh', 'AMENT_PREFIX_PATH': '/opt/ros/jazzy', 'SHELL': '/bin/bash', 'QT_ACCESSIBILITY': '1', 'GDMSESSION': 'ubuntu', 'ROS_AUTOMATIC_DISCOVERY_RANGE': 'SUBNET', 'QT_IM_MODULE': 'ibus', 'PWD': '/home/nilum-sachithya/ros2_ws/src/build/firstpkg', 'LC_ALL': 'en_US.UTF-8', 'XDG_CONFIG_DIRS': '/etc/xdg/xdg-ubuntu:/etc/xdg', 'XDG_DATA_DIRS': '/usr/share/ubuntu:/usr/share/gnome:/usr/local/share/:/usr/share/:/var/lib/snapd/desktop', 'PYTHONPATH': '/opt/ros/jazzy/lib/python3.12/site-packages', 'COLCON': '1', 'MEMORY_PRESSURE_WRITE': 'c29tZSAyMDAwMDAgMjAwMDAwMAA=', 'VTE_VERSION': '7600', 'CMAKE_PREFIX_PATH': '/opt/ros/jazzy/opt/gz_math_vendor:/opt/ros/jazzy/opt/gz_utils_vendor:/opt/ros/jazzy/opt/gz_cmake_vendor:/opt/ros/jazzy'}), 'shell': False}
[0.076168] (firstpkg) StdoutLine: {'line': b'-- The C compiler identification is GNU 13.3.0\n'}
[0.099740] (-) TimerEvent: {}
[0.147027] (firstpkg) StdoutLine: {'line': b'-- The CXX compiler identification is GNU 13.3.0\n'}
[0.165494] (firstpkg) StdoutLine: {'line': b'-- Detecting C compiler ABI info\n'}
[0.199860] (-) TimerEvent: {}
[0.267404] (firstpkg) StdoutLine: {'line': b'-- Detecting C compiler ABI info - done\n'}
[0.279121] (firstpkg) StdoutLine: {'line': b'-- Check for working C compiler: /usr/bin/cc - skipped\n'}
[0.279389] (firstpkg) StdoutLine: {'line': b'-- Detecting C compile features\n'}
[0.279869] (firstpkg) StdoutLine: {'line': b'-- Detecting C compile features - done\n'}
[0.290573] (firstpkg) StdoutLine: {'line': b'-- Detecting CXX compiler ABI info\n'}
[0.299956] (-) TimerEvent: {}
[0.400253] (-) TimerEvent: {}
[0.405562] (firstpkg) StdoutLine: {'line': b'-- Detecting CXX compiler ABI info - done\n'}
[0.417984] (firstpkg) StdoutLine: {'line': b'-- Check for working CXX compiler: /usr/bin/c++ - skipped\n'}
[0.418325] (firstpkg) StdoutLine: {'line': b'-- Detecting CXX compile features\n'}
[0.418977] (firstpkg) StdoutLine: {'line': b'-- Detecting CXX compile features - done\n'}
[0.421756] (firstpkg) StdoutLine: {'line': b'-- Found ament_cmake: 2.5.4 (/opt/ros/jazzy/share/ament_cmake/cmake)\n'}
[0.500372] (-) TimerEvent: {}
[0.600675] (-) TimerEvent: {}
[0.601478] (firstpkg) StdoutLine: {'line': b'-- Found Python3: /usr/bin/python3 (found version "3.12.3") found components: Interpreter \n'}
[0.700886] (-) TimerEvent: {}
[0.726650] (firstpkg) StdoutLine: {'line': b'-- Found ament_lint_auto: 0.17.3 (/opt/ros/jazzy/share/ament_lint_auto/cmake)\n'}
[0.801063] (-) TimerEvent: {}
[0.859013] (firstpkg) StdoutLine: {'line': b"-- Added test 'cppcheck' to perform static code analysis on C / C++ code\n"}
[0.859504] (firstpkg) StdoutLine: {'line': b'-- Configured cppcheck include dirs: $<BUILD_INTERFACE:/home/nilum-sachithya/ros2_ws/src/firstpkg/include>\n'}
[0.859627] (firstpkg) StdoutLine: {'line': b'-- Configured cppcheck exclude dirs and/or files: \n'}
[0.860209] (firstpkg) StdoutLine: {'line': b"-- Added test 'lint_cmake' to check CMake code style\n"}
[0.861372] (firstpkg) StdoutLine: {'line': b"-- Added test 'uncrustify' to check C / C++ code style\n"}
[0.861557] (firstpkg) StdoutLine: {'line': b'-- Configured uncrustify additional arguments: \n'}
[0.862159] (firstpkg) StdoutLine: {'line': b"-- Added test 'xmllint' to check XML markup files\n"}
[0.863541] (firstpkg) StdoutLine: {'line': b'-- Configuring done (0.8s)\n'}
[0.868661] (firstpkg) StdoutLine: {'line': b'-- Generating done (0.0s)\n'}
[0.871033] (firstpkg) StdoutLine: {'line': b'-- Build files have been written to: /home/nilum-sachithya/ros2_ws/src/build/firstpkg\n'}
[0.876971] (firstpkg) CommandEnded: {'returncode': 0}
[0.878609] (firstpkg) JobProgress: {'identifier': 'firstpkg', 'progress': 'build'}
[0.878650] (firstpkg) Command: {'cmd': ['/usr/bin/cmake', '--build', '/home/nilum-sachithya/ros2_ws/src/build/firstpkg', '--', '-j16', '-l16'], 'cwd': '/home/nilum-sachithya/ros2_ws/src/build/firstpkg', 'env': OrderedDict({'USER': 'nilum-sachithya', 'XDG_SESSION_TYPE': 'wayland', 'SHLVL': '1', 'LD_LIBRARY_PATH': '/opt/ros/jazzy/opt/rviz_ogre_vendor/lib:/opt/ros/jazzy/lib/x86_64-linux-gnu:/opt/ros/jazzy/opt/gz_math_vendor/lib:/opt/ros/jazzy/opt/gz_utils_vendor/lib:/opt/ros/jazzy/opt/gz_cmake_vendor/lib:/opt/ros/jazzy/lib', 'HOME': '/home/nilum-sachithya', 'OLDPWD': '/home/nilum-sachithya/ros2_ws', 'DESKTOP_SESSION': 'ubuntu', 'ROS_PYTHON_VERSION': '3', 'GNOME_SHELL_SESSION_MODE': 'ubuntu', 'GTK_MODULES': 'gail:atk-bridge', 'SYSTEMD_EXEC_PID': '3301', 'GSM_SKIP_SSH_AGENT_WORKAROUND': 'true', 'DBUS_SESSION_BUS_ADDRESS': 'unix:path=/run/user/1000/bus', 'COLORTERM': 'truecolor', 'GNOME_KEYRING_CONTROL': '/run/user/1000/keyring', 'NVM_DIR': '/home/nilum-sachithya/.nvm', 'DEBUGINFOD_URLS': 'https://debuginfod.ubuntu.com', 'IM_CONFIG_PHASE': '1', 'WAYLAND_DISPLAY': 'wayland-0', 'ROS_DISTRO': 'jazzy', 'LOGNAME': 'nilum-sachithya', '_': '/usr/bin/colcon', 'ROS_VERSION': '2', 'MEMORY_PRESSURE_WATCH': '/sys/fs/cgroup/user.slice/user-1000.slice/user@1000.service/session.slice/org.gnome.SettingsDaemon.MediaKeys.service/memory.pressure', 'XDG_SESSION_CLASS': 'user', 'USERNAME': 'nilum-sachithya', 'TERM': 'xterm-256color', 'GNOME_DESKTOP_SESSION_ID': 'this-is-deprecated', 'PATH': '/home/nilum-sachithya/Desktop/pintos.tar./pint/toolchain/x86_64/bin:/opt/ros/jazzy/bin:/home/nilum-sachithya/Desktop/pintos.tar./pint/toolchain/x86_64/bin:/usr/local/sbin:/usr/local/bin:/usr/sbin:/usr/bin:/sbin:/bin:/usr/games:/usr/local/games:/snap/bin:/snap/bin', 'SESSION_MANAGER': 'local/nilum-sachithya-ASUS-TUF-Gaming-F15-FX506HF-FX506HF:@/tmp/.ICE-unix/3075,unix/nilum-sachithya-ASUS-TUF-Gaming-F15-FX506HF-FX506HF:/tmp/.ICE-unix/3075', 'XDG_MENU_PREFIX': 'gnome-', 'GNOME_TERMINAL_SCREEN': '/org/gnome/Terminal/screen/ffed08fb_96ea_4681_9ec0_a4dfb3771023', 'GNOME_SETUP_DISPLAY': ':1', 'XDG_RUNTIME_DIR': '/run/user/1000', 'DISPLAY': ':0', 'LANG': 'en_US.UTF-8', 'XDG_CURRENT_DESKTOP': 'ubuntu:GNOME', 'XMODIFIERS': '@im=ibus', 'XDG_SESSION_DESKTOP': 'ubuntu', 'XAUTHORITY': '/run/user/1000/.mutter-Xwaylandauth.WXQKJ3', 'GNOME_TERMINAL_SERVICE': ':1.101', 'SSH_AUTH_SOCK': '/run/user/1000/keyring/ssh', 'AMENT_PREFIX_PATH': '/opt/ros/jazzy', 'SHELL': '/bin/bash', 'QT_ACCESSIBILITY': '1', 'GDMSESSION': 'ubuntu', 'ROS_AUTOMATIC_DISCOVERY_RANGE': 'SUBNET', 'QT_IM_MODULE': 'ibus', 'PWD': '/home/nilum-sachithya/ros2_ws/src/build/firstpkg', 'LC_ALL': 'en_US.UTF-8', 'XDG_CONFIG_DIRS': '/etc/xdg/xdg-ubuntu:/etc/xdg', 'XDG_DATA_DIRS': '/usr/share/ubuntu:/usr/share/gnome:/usr/local/share/:/usr/share/:/var/lib/snapd/desktop', 'PYTHONPATH': '/opt/ros/jazzy/lib/python3.12/site-packages', 'COLCON': '1', 'MEMORY_PRESSURE_WRITE': 'c29tZSAyMDAwMDAgMjAwMDAwMAA=', 'VTE_VERSION': '7600', 'CMAKE_PREFIX_PATH': '/opt/ros/jazzy/opt/gz_math_vendor:/opt/ros/jazzy/opt/gz_utils_vendor:/opt/ros/jazzy/opt/gz_cmake_vendor:/opt/ros/jazzy'}), 'shell': False}
[0.901173] (-) TimerEvent: {}
[0.932758] (firstpkg) StdoutLine: {'line': b'[ 50%] \x1b[32mBuilding CXX object CMakeFiles/firstnode.dir/src/firstnode.cpp.o\x1b[0m\n'}
[0.966867] (firstpkg) StdoutLine: {'line': b'[100%] \x1b[32m\x1b[1mLinking CXX executable firstnode\x1b[0m\n'}
[1.001291] (-) TimerEvent: {}
[1.022758] (firstpkg) StdoutLine: {'line': b'[100%] Built target firstnode\n'}
[1.035824] (firstpkg) CommandEnded: {'returncode': 0}
[1.036583] (firstpkg) JobProgress: {'identifier': 'firstpkg', 'progress': 'install'}
[1.046424] (firstpkg) Command: {'cmd': ['/usr/bin/cmake', '--install', '/home/nilum-sachithya/ros2_ws/src/build/firstpkg'], 'cwd': '/home/nilum-sachithya/ros2_ws/src/build/firstpkg', 'env': OrderedDict({'USER': 'nilum-sachithya', 'XDG_SESSION_TYPE': 'wayland', 'SHLVL': '1', 'LD_LIBRARY_PATH': '/opt/ros/jazzy/opt/rviz_ogre_vendor/lib:/opt/ros/jazzy/lib/x86_64-linux-gnu:/opt/ros/jazzy/opt/gz_math_vendor/lib:/opt/ros/jazzy/opt/gz_utils_vendor/lib:/opt/ros/jazzy/opt/gz_cmake_vendor/lib:/opt/ros/jazzy/lib', 'HOME': '/home/nilum-sachithya', 'OLDPWD': '/home/nilum-sachithya/ros2_ws', 'DESKTOP_SESSION': 'ubuntu', 'ROS_PYTHON_VERSION': '3', 'GNOME_SHELL_SESSION_MODE': 'ubuntu', 'GTK_MODULES': 'gail:atk-bridge', 'SYSTEMD_EXEC_PID': '3301', 'GSM_SKIP_SSH_AGENT_WORKAROUND': 'true', 'DBUS_SESSION_BUS_ADDRESS': 'unix:path=/run/user/1000/bus', 'COLORTERM': 'truecolor', 'GNOME_KEYRING_CONTROL': '/run/user/1000/keyring', 'NVM_DIR': '/home/nilum-sachithya/.nvm', 'DEBUGINFOD_URLS': 'https://debuginfod.ubuntu.com', 'IM_CONFIG_PHASE': '1', 'WAYLAND_DISPLAY': 'wayland-0', 'ROS_DISTRO': 'jazzy', 'LOGNAME': 'nilum-sachithya', '_': '/usr/bin/colcon', 'ROS_VERSION': '2', 'MEMORY_PRESSURE_WATCH': '/sys/fs/cgroup/user.slice/user-1000.slice/user@1000.service/session.slice/org.gnome.SettingsDaemon.MediaKeys.service/memory.pressure', 'XDG_SESSION_CLASS': 'user', 'USERNAME': 'nilum-sachithya', 'TERM': 'xterm-256color', 'GNOME_DESKTOP_SESSION_ID': 'this-is-deprecated', 'PATH': '/home/nilum-sachithya/Desktop/pintos.tar./pint/toolchain/x86_64/bin:/opt/ros/jazzy/bin:/home/nilum-sachithya/Desktop/pintos.tar./pint/toolchain/x86_64/bin:/usr/local/sbin:/usr/local/bin:/usr/sbin:/usr/bin:/sbin:/bin:/usr/games:/usr/local/games:/snap/bin:/snap/bin', 'SESSION_MANAGER': 'local/nilum-sachithya-ASUS-TUF-Gaming-F15-FX506HF-FX506HF:@/tmp/.ICE-unix/3075,unix/nilum-sachithya-ASUS-TUF-Gaming-F15-FX506HF-FX506HF:/tmp/.ICE-unix/3075', 'XDG_MENU_PREFIX': 'gnome-', 'GNOME_TERMINAL_SCREEN': '/org/gnome/Terminal/screen/ffed08fb_96ea_4681_9ec0_a4dfb3771023', 'GNOME_SETUP_DISPLAY': ':1', 'XDG_RUNTIME_DIR': '/run/user/1000', 'DISPLAY': ':0', 'LANG': 'en_US.UTF-8', 'XDG_CURRENT_DESKTOP': 'ubuntu:GNOME', 'XMODIFIERS': '@im=ibus', 'XDG_SESSION_DESKTOP': 'ubuntu', 'XAUTHORITY': '/run/user/1000/.mutter-Xwaylandauth.WXQKJ3', 'GNOME_TERMINAL_SERVICE': ':1.101', 'SSH_AUTH_SOCK': '/run/user/1000/keyring/ssh', 'AMENT_PREFIX_PATH': '/opt/ros/jazzy', 'SHELL': '/bin/bash', 'QT_ACCESSIBILITY': '1', 'GDMSESSION': 'ubuntu', 'ROS_AUTOMATIC_DISCOVERY_RANGE': 'SUBNET', 'QT_IM_MODULE': 'ibus', 'PWD': '/home/nilum-sachithya/ros2_ws/src/build/firstpkg', 'LC_ALL': 'en_US.UTF-8', 'XDG_CONFIG_DIRS': '/etc/xdg/xdg-ubuntu:/etc/xdg', 'XDG_DATA_DIRS': '/usr/share/ubuntu:/usr/share/gnome:/usr/local/share/:/usr/share/:/var/lib/snapd/desktop', 'PYTHONPATH': '/opt/ros/jazzy/lib/python3.12/site-packages', 'COLCON': '1', 'MEMORY_PRESSURE_WRITE': 'c29tZSAyMDAwMDAgMjAwMDAwMAA=', 'VTE_VERSION': '7600', 'CMAKE_PREFIX_PATH': '/opt/ros/jazzy/opt/gz_math_vendor:/opt/ros/jazzy/opt/gz_utils_vendor:/opt/ros/jazzy/opt/gz_cmake_vendor:/opt/ros/jazzy'}), 'shell': False}
[1.054480] (firstpkg) StdoutLine: {'line': b'-- Install configuration: ""\n'}
[1.054666] (firstpkg) StdoutLine: {'line': b'-- Installing: /home/nilum-sachithya/ros2_ws/src/install/firstpkg/lib/firstpkg/firstnode\n'}
[1.055062] (firstpkg) StdoutLine: {'line': b'-- Installing: /home/nilum-sachithya/ros2_ws/src/install/firstpkg/share/ament_index/resource_index/package_run_dependencies/firstpkg\n'}
[1.055257] (firstpkg) StdoutLine: {'line': b'-- Installing: /home/nilum-sachithya/ros2_ws/src/install/firstpkg/share/ament_index/resource_index/parent_prefix_path/firstpkg\n'}
[1.055373] (firstpkg) StdoutLine: {'line': b'-- Installing: /home/nilum-sachithya/ros2_ws/src/install/firstpkg/share/firstpkg/environment/ament_prefix_path.sh\n'}
[1.055500] (firstpkg) StdoutLine: {'line': b'-- Installing: /home/nilum-sachithya/ros2_ws/src/install/firstpkg/share/firstpkg/environment/ament_prefix_path.dsv\n'}
[1.055622] (firstpkg) StdoutLine: {'line': b'-- Installing: /home/nilum-sachithya/ros2_ws/src/install/firstpkg/share/firstpkg/environment/path.sh\n'}
[1.055754] (firstpkg) StdoutLine: {'line': b'-- Installing: /home/nilum-sachithya/ros2_ws/src/install/firstpkg/share/firstpkg/environment/path.dsv\n'}
[1.055878] (firstpkg) StdoutLine: {'line': b'-- Installing: /home/nilum-sachithya/ros2_ws/src/install/firstpkg/share/firstpkg/local_setup.bash\n'}
[1.056016] (firstpkg) StdoutLine: {'line': b'-- Installing: /home/nilum-sachithya/ros2_ws/src/install/firstpkg/share/firstpkg/local_setup.sh\n'}
[1.056135] (firstpkg) StdoutLine: {'line': b'-- Installing: /home/nilum-sachithya/ros2_ws/src/install/firstpkg/share/firstpkg/local_setup.zsh\n'}
[1.056256] (firstpkg) StdoutLine: {'line': b'-- Installing: /home/nilum-sachithya/ros2_ws/src/install/firstpkg/share/firstpkg/local_setup.dsv\n'}
[1.056377] (firstpkg) StdoutLine: {'line': b'-- Installing: /home/nilum-sachithya/ros2_ws/src/install/firstpkg/share/firstpkg/package.dsv\n'}
[1.056492] (firstpkg) StdoutLine: {'line': b'-- Installing: /home/nilum-sachithya/ros2_ws/src/install/firstpkg/share/ament_index/resource_index/packages/firstpkg\n'}
[1.056621] (firstpkg) StdoutLine: {'line': b'-- Installing: /home/nilum-sachithya/ros2_ws/src/install/firstpkg/share/firstpkg/cmake/firstpkgConfig.cmake\n'}
[1.056889] (firstpkg) StdoutLine: {'line': b'-- Installing: /home/nilum-sachithya/ros2_ws/src/install/firstpkg/share/firstpkg/cmake/firstpkgConfig-version.cmake\n'}
[1.057053] (firstpkg) StdoutLine: {'line': b'-- Installing: /home/nilum-sachithya/ros2_ws/src/install/firstpkg/share/firstpkg/package.xml\n'}
[1.058857] (firstpkg) CommandEnded: {'returncode': 0}
[1.082000] (firstpkg) JobEnded: {'identifier': 'firstpkg', 'rc': 0}
[1.083000] (-) EventReactorShutdown: {}
