[0.136s] DEBUG:colcon:Command line arguments: ['/usr/bin/colcon', 'build', '--packages-select', 'firstpkg']
[0.136s] DEBUG:colcon:Parsed command line arguments: Namespace(log_base=None, log_level=None, verb_name='build', build_base='build', install_base='install', merge_install=False, symlink_install=False, test_result_base=None, continue_on_error=False, executor='parallel', parallel_workers=16, event_handlers=None, ignore_user_meta=False, metas=['./colcon.meta'], base_paths=['.'], packages_ignore=None, packages_ignore_regex=None, paths=None, packages_up_to=None, packages_up_to_regex=None, packages_above=None, packages_above_and_dependencies=None, packages_above_depth=None, packages_select_by_dep=None, packages_skip_by_dep=None, packages_skip_up_to=None, packages_select_build_failed=False, packages_skip_build_finished=False, packages_select_test_failures=False, packages_skip_test_passed=False, packages_select=['firstpkg'], packages_skip=None, packages_select_regex=None, packages_skip_regex=None, packages_start=None, packages_end=None, allow_overriding=[], cmake_args=None, cmake_target=None, cmake_target_skip_unavailable=False, cmake_clean_cache=False, cmake_clean_first=False, cmake_force_configure=False, ament_cmake_args=None, catkin_cmake_args=None, catkin_skip_building_tests=False, mixin_files=None, mixin=None, verb_parser=<colcon_mixin.mixin.mixin_argument.MixinArgumentDecorator object at 0x722e28094320>, verb_extension=<colcon_core.verb.build.BuildVerb object at 0x722e28067f50>, main=<bound method BuildVerb.main of <colcon_core.verb.build.BuildVerb object at 0x722e28067f50>>, mixin_verb=('build',))
[0.185s] Level 1:colcon.colcon_core.package_discovery:discover_packages(colcon_meta) check parameters
[0.185s] Level 1:colcon.colcon_core.package_discovery:discover_packages(recursive) check parameters
[0.185s] Level 1:colcon.colcon_core.package_discovery:discover_packages(ignore) check parameters
[0.186s] Level 1:colcon.colcon_core.package_discovery:discover_packages(path) check parameters
[0.186s] Level 1:colcon.colcon_core.package_discovery:discover_packages(colcon_meta) discover
[0.186s] Level 1:colcon.colcon_core.package_discovery:discover_packages(recursive) discover
[0.186s] INFO:colcon.colcon_core.package_discovery:Crawling recursively for packages in '/home/nilum-sachithya/ros2_ws/src'
[0.186s] Level 1:colcon.colcon_core.package_identification:_identify(.) by extensions ['ignore', 'ignore_ament_install']
[0.186s] Level 1:colcon.colcon_core.package_identification:_identify(.) by extension 'ignore'
[0.186s] Level 1:colcon.colcon_core.package_identification:_identify(.) by extension 'ignore_ament_install'
[0.186s] Level 1:colcon.colcon_core.package_identification:_identify(.) by extensions ['colcon_pkg']
[0.186s] Level 1:colcon.colcon_core.package_identification:_identify(.) by extension 'colcon_pkg'
[0.186s] Level 1:colcon.colcon_core.package_identification:_identify(.) by extensions ['colcon_meta']
[0.186s] Level 1:colcon.colcon_core.package_identification:_identify(.) by extension 'colcon_meta'
[0.186s] Level 1:colcon.colcon_core.package_identification:_identify(.) by extensions ['ros']
[0.186s] Level 1:colcon.colcon_core.package_identification:_identify(.) by extension 'ros'
[0.220s] Level 1:colcon.colcon_core.package_identification:_identify(.) by extensions ['cmake', 'python']
[0.220s] Level 1:colcon.colcon_core.package_identification:_identify(.) by extension 'cmake'
[0.220s] Level 1:colcon.colcon_core.package_identification:_identify(.) by extension 'python'
[0.220s] Level 1:colcon.colcon_core.package_identification:_identify(.) by extensions ['python_setup_py']
[0.220s] Level 1:colcon.colcon_core.package_identification:_identify(.) by extension 'python_setup_py'
[0.220s] Level 1:colcon.colcon_core.package_identification:_identify(build) by extensions ['ignore', 'ignore_ament_install']
[0.221s] Level 1:colcon.colcon_core.package_identification:_identify(build) by extension 'ignore'
[0.221s] Level 1:colcon.colcon_core.package_identification:_identify(build) ignored
[0.221s] Level 1:colcon.colcon_core.package_identification:_identify(firstpkg) by extensions ['ignore', 'ignore_ament_install']
[0.221s] Level 1:colcon.colcon_core.package_identification:_identify(firstpkg) by extension 'ignore'
[0.221s] Level 1:colcon.colcon_core.package_identification:_identify(firstpkg) by extension 'ignore_ament_install'
[0.221s] Level 1:colcon.colcon_core.package_identification:_identify(firstpkg) by extensions ['colcon_pkg']
[0.221s] Level 1:colcon.colcon_core.package_identification:_identify(firstpkg) by extension 'colcon_pkg'
[0.221s] Level 1:colcon.colcon_core.package_identification:_identify(firstpkg) by extensions ['colcon_meta']
[0.221s] Level 1:colcon.colcon_core.package_identification:_identify(firstpkg) by extension 'colcon_meta'
[0.221s] Level 1:colcon.colcon_core.package_identification:_identify(firstpkg) by extensions ['ros']
[0.221s] Level 1:colcon.colcon_core.package_identification:_identify(firstpkg) by extension 'ros'
[0.224s] DEBUG:colcon.colcon_core.package_identification:Package 'firstpkg' with type 'ros.ament_cmake' and name 'firstpkg'
[0.224s] Level 1:colcon.colcon_core.package_identification:_identify(install) by extensions ['ignore', 'ignore_ament_install']
[0.224s] Level 1:colcon.colcon_core.package_identification:_identify(install) by extension 'ignore'
[0.225s] Level 1:colcon.colcon_core.package_identification:_identify(install) ignored
[0.225s] Level 1:colcon.colcon_core.package_identification:_identify(log) by extensions ['ignore', 'ignore_ament_install']
[0.225s] Level 1:colcon.colcon_core.package_identification:_identify(log) by extension 'ignore'
[0.225s] Level 1:colcon.colcon_core.package_identification:_identify(log) ignored
[0.225s] Level 1:colcon.colcon_core.package_identification:_identify(newp) by extensions ['ignore', 'ignore_ament_install']
[0.225s] Level 1:colcon.colcon_core.package_identification:_identify(newp) by extension 'ignore'
[0.225s] Level 1:colcon.colcon_core.package_identification:_identify(newp) by extension 'ignore_ament_install'
[0.225s] Level 1:colcon.colcon_core.package_identification:_identify(newp) by extensions ['colcon_pkg']
[0.225s] Level 1:colcon.colcon_core.package_identification:_identify(newp) by extension 'colcon_pkg'
[0.225s] Level 1:colcon.colcon_core.package_identification:_identify(newp) by extensions ['colcon_meta']
[0.225s] Level 1:colcon.colcon_core.package_identification:_identify(newp) by extension 'colcon_meta'
[0.225s] Level 1:colcon.colcon_core.package_identification:_identify(newp) by extensions ['ros']
[0.225s] Level 1:colcon.colcon_core.package_identification:_identify(newp) by extension 'ros'
[0.226s] DEBUG:colcon.colcon_core.package_identification:Package 'newp' with type 'ros.ament_cmake' and name 'newp'
[0.226s] Level 1:colcon.colcon_core.package_discovery:discover_packages(recursive) using defaults
[0.226s] Level 1:colcon.colcon_core.package_discovery:discover_packages(ignore) discover
[0.226s] Level 1:colcon.colcon_core.package_discovery:discover_packages(ignore) using defaults
[0.226s] Level 1:colcon.colcon_core.package_discovery:discover_packages(path) discover
[0.226s] Level 1:colcon.colcon_core.package_discovery:discover_packages(path) using defaults
[0.249s] INFO:colcon.colcon_core.package_selection:Skipping not selected package 'newp' in 'newp'
[0.249s] Level 1:colcon.colcon_core.package_discovery:discover_packages(prefix_path) check parameters
[0.249s] Level 1:colcon.colcon_core.package_discovery:discover_packages(prefix_path) discover
[0.253s] DEBUG:colcon.colcon_installed_package_information.package_discovery:Found 285 installed packages in /opt/ros/jazzy
[0.254s] Level 1:colcon.colcon_core.package_discovery:discover_packages(prefix_path) using defaults
[0.303s] Level 5:colcon.colcon_core.verb:set package 'firstpkg' build argument 'cmake_args' from command line to 'None'
[0.303s] Level 5:colcon.colcon_core.verb:set package 'firstpkg' build argument 'cmake_target' from command line to 'None'
[0.303s] Level 5:colcon.colcon_core.verb:set package 'firstpkg' build argument 'cmake_target_skip_unavailable' from command line to 'False'
[0.303s] Level 5:colcon.colcon_core.verb:set package 'firstpkg' build argument 'cmake_clean_cache' from command line to 'False'
[0.303s] Level 5:colcon.colcon_core.verb:set package 'firstpkg' build argument 'cmake_clean_first' from command line to 'False'
[0.303s] Level 5:colcon.colcon_core.verb:set package 'firstpkg' build argument 'cmake_force_configure' from command line to 'False'
[0.303s] Level 5:colcon.colcon_core.verb:set package 'firstpkg' build argument 'ament_cmake_args' from command line to 'None'
[0.304s] Level 5:colcon.colcon_core.verb:set package 'firstpkg' build argument 'catkin_cmake_args' from command line to 'None'
[0.304s] Level 5:colcon.colcon_core.verb:set package 'firstpkg' build argument 'catkin_skip_building_tests' from command line to 'False'
[0.304s] DEBUG:colcon.colcon_core.verb:Building package 'firstpkg' with the following arguments: {'ament_cmake_args': None, 'build_base': '/home/nilum-sachithya/ros2_ws/src/build/firstpkg', 'catkin_cmake_args': None, 'catkin_skip_building_tests': False, 'cmake_args': None, 'cmake_clean_cache': False, 'cmake_clean_first': False, 'cmake_force_configure': False, 'cmake_target': None, 'cmake_target_skip_unavailable': False, 'install_base': '/home/nilum-sachithya/ros2_ws/src/install/firstpkg', 'merge_install': False, 'path': '/home/nilum-sachithya/ros2_ws/src/firstpkg', 'symlink_install': False, 'test_result_base': None}
[0.304s] INFO:colcon.colcon_core.executor:Executing jobs using 'parallel' executor
[0.305s] DEBUG:colcon.colcon_parallel_executor.executor.parallel:run_until_complete
[0.305s] INFO:colcon.colcon_ros.task.ament_cmake.build:Building ROS package in '/home/nilum-sachithya/ros2_ws/src/firstpkg' with build type 'ament_cmake'
[0.306s] INFO:colcon.colcon_cmake.task.cmake.build:Building CMake package in '/home/nilum-sachithya/ros2_ws/src/firstpkg'
[0.307s] INFO:colcon.colcon_core.plugin_system:Skipping extension 'colcon_core.shell.bat': Not used on non-Windows systems
[0.308s] INFO:colcon.colcon_core.shell:Skip shell extension 'powershell' for command environment: Not usable outside of PowerShell
[0.308s] DEBUG:colcon.colcon_core.shell:Skip shell extension 'dsv' for command environment
[0.316s] DEBUG:colcon.colcon_core.event_handler.log_command:Invoking command in '/home/nilum-sachithya/ros2_ws/src/build/firstpkg': CMAKE_PREFIX_PATH=${CMAKE_PREFIX_PATH}:/opt/ros/jazzy DEBUGINFOD_URLS=https://debuginfod.ubuntu.com /usr/bin/cmake /home/nilum-sachithya/ros2_ws/src/firstpkg -DCMAKE_INSTALL_PREFIX=/home/nilum-sachithya/ros2_ws/src/install/firstpkg
[1.183s] DEBUG:colcon.colcon_core.event_handler.log_command:Invoked command in '/home/nilum-sachithya/ros2_ws/src/build/firstpkg' returned '0': CMAKE_PREFIX_PATH=${CMAKE_PREFIX_PATH}:/opt/ros/jazzy DEBUGINFOD_URLS=https://debuginfod.ubuntu.com /usr/bin/cmake /home/nilum-sachithya/ros2_ws/src/firstpkg -DCMAKE_INSTALL_PREFIX=/home/nilum-sachithya/ros2_ws/src/install/firstpkg
[1.184s] DEBUG:colcon.colcon_core.event_handler.log_command:Invoking command in '/home/nilum-sachithya/ros2_ws/src/build/firstpkg': CMAKE_PREFIX_PATH=${CMAKE_PREFIX_PATH}:/opt/ros/jazzy DEBUGINFOD_URLS=https://debuginfod.ubuntu.com /usr/bin/cmake --build /home/nilum-sachithya/ros2_ws/src/build/firstpkg -- -j16 -l16
[1.341s] DEBUG:colcon.colcon_core.event_handler.log_command:Invoked command in '/home/nilum-sachithya/ros2_ws/src/build/firstpkg' returned '0': CMAKE_PREFIX_PATH=${CMAKE_PREFIX_PATH}:/opt/ros/jazzy DEBUGINFOD_URLS=https://debuginfod.ubuntu.com /usr/bin/cmake --build /home/nilum-sachithya/ros2_ws/src/build/firstpkg -- -j16 -l16
[1.352s] DEBUG:colcon.colcon_core.event_handler.log_command:Invoking command in '/home/nilum-sachithya/ros2_ws/src/build/firstpkg': CMAKE_PREFIX_PATH=${CMAKE_PREFIX_PATH}:/opt/ros/jazzy DEBUGINFOD_URLS=https://debuginfod.ubuntu.com /usr/bin/cmake --install /home/nilum-sachithya/ros2_ws/src/build/firstpkg
[1.363s] Level 1:colcon.colcon_core.environment:create_environment_scripts_only(firstpkg)
[1.364s] DEBUG:colcon.colcon_core.event_handler.log_command:Invoked command in '/home/nilum-sachithya/ros2_ws/src/build/firstpkg' returned '0': CMAKE_PREFIX_PATH=${CMAKE_PREFIX_PATH}:/opt/ros/jazzy DEBUGINFOD_URLS=https://debuginfod.ubuntu.com /usr/bin/cmake --install /home/nilum-sachithya/ros2_ws/src/build/firstpkg
[1.367s] Level 1:colcon.colcon_core.environment:checking '/home/nilum-sachithya/ros2_ws/src/install/firstpkg' for CMake module files
[1.368s] Level 1:colcon.colcon_core.environment:checking '/home/nilum-sachithya/ros2_ws/src/install/firstpkg' for CMake config files
[1.369s] Level 1:colcon.colcon_core.shell:create_environment_hook('firstpkg', 'cmake_prefix_path')
[1.369s] INFO:colcon.colcon_core.shell:Creating environment hook '/home/nilum-sachithya/ros2_ws/src/install/firstpkg/share/firstpkg/hook/cmake_prefix_path.ps1'
[1.370s] INFO:colcon.colcon_core.shell:Creating environment descriptor '/home/nilum-sachithya/ros2_ws/src/install/firstpkg/share/firstpkg/hook/cmake_prefix_path.dsv'
[1.371s] INFO:colcon.colcon_core.shell:Creating environment hook '/home/nilum-sachithya/ros2_ws/src/install/firstpkg/share/firstpkg/hook/cmake_prefix_path.sh'
[1.372s] Level 1:colcon.colcon_core.environment:checking '/home/nilum-sachithya/ros2_ws/src/install/firstpkg/lib'
[1.372s] Level 1:colcon.colcon_core.environment:checking '/home/nilum-sachithya/ros2_ws/src/install/firstpkg/bin'
[1.372s] Level 1:colcon.colcon_core.environment:checking '/home/nilum-sachithya/ros2_ws/src/install/firstpkg/lib/pkgconfig/firstpkg.pc'
[1.373s] Level 1:colcon.colcon_core.environment:checking '/home/nilum-sachithya/ros2_ws/src/install/firstpkg/lib/python3.12/site-packages'
[1.373s] Level 1:colcon.colcon_core.environment:checking '/home/nilum-sachithya/ros2_ws/src/install/firstpkg/bin'
[1.374s] INFO:colcon.colcon_core.shell:Creating package script '/home/nilum-sachithya/ros2_ws/src/install/firstpkg/share/firstpkg/package.ps1'
[1.375s] INFO:colcon.colcon_core.shell:Creating package descriptor '/home/nilum-sachithya/ros2_ws/src/install/firstpkg/share/firstpkg/package.dsv'
[1.375s] INFO:colcon.colcon_core.shell:Creating package script '/home/nilum-sachithya/ros2_ws/src/install/firstpkg/share/firstpkg/package.sh'
[1.376s] INFO:colcon.colcon_core.shell:Creating package script '/home/nilum-sachithya/ros2_ws/src/install/firstpkg/share/firstpkg/package.bash'
[1.377s] INFO:colcon.colcon_core.shell:Creating package script '/home/nilum-sachithya/ros2_ws/src/install/firstpkg/share/firstpkg/package.zsh'
[1.378s] Level 1:colcon.colcon_core.environment:create_file_with_runtime_dependencies(/home/nilum-sachithya/ros2_ws/src/install/firstpkg/share/colcon-core/packages/firstpkg)
[1.378s] Level 1:colcon.colcon_core.environment:create_environment_scripts_only(firstpkg)
[1.379s] Level 1:colcon.colcon_core.environment:checking '/home/nilum-sachithya/ros2_ws/src/install/firstpkg' for CMake module files
[1.379s] Level 1:colcon.colcon_core.environment:checking '/home/nilum-sachithya/ros2_ws/src/install/firstpkg' for CMake config files
[1.380s] Level 1:colcon.colcon_core.shell:create_environment_hook('firstpkg', 'cmake_prefix_path')
[1.380s] INFO:colcon.colcon_core.shell:Creating environment hook '/home/nilum-sachithya/ros2_ws/src/install/firstpkg/share/firstpkg/hook/cmake_prefix_path.ps1'
[1.380s] INFO:colcon.colcon_core.shell:Creating environment descriptor '/home/nilum-sachithya/ros2_ws/src/install/firstpkg/share/firstpkg/hook/cmake_prefix_path.dsv'
[1.381s] INFO:colcon.colcon_core.shell:Creating environment hook '/home/nilum-sachithya/ros2_ws/src/install/firstpkg/share/firstpkg/hook/cmake_prefix_path.sh'
[1.382s] Level 1:colcon.colcon_core.environment:checking '/home/nilum-sachithya/ros2_ws/src/install/firstpkg/lib'
[1.382s] Level 1:colcon.colcon_core.environment:checking '/home/nilum-sachithya/ros2_ws/src/install/firstpkg/bin'
[1.382s] Level 1:colcon.colcon_core.environment:checking '/home/nilum-sachithya/ros2_ws/src/install/firstpkg/lib/pkgconfig/firstpkg.pc'
[1.383s] Level 1:colcon.colcon_core.environment:checking '/home/nilum-sachithya/ros2_ws/src/install/firstpkg/lib/python3.12/site-packages'
[1.383s] Level 1:colcon.colcon_core.environment:checking '/home/nilum-sachithya/ros2_ws/src/install/firstpkg/bin'
[1.383s] INFO:colcon.colcon_core.shell:Creating package script '/home/nilum-sachithya/ros2_ws/src/install/firstpkg/share/firstpkg/package.ps1'
[1.384s] INFO:colcon.colcon_core.shell:Creating package descriptor '/home/nilum-sachithya/ros2_ws/src/install/firstpkg/share/firstpkg/package.dsv'
[1.385s] INFO:colcon.colcon_core.shell:Creating package script '/home/nilum-sachithya/ros2_ws/src/install/firstpkg/share/firstpkg/package.sh'
[1.385s] INFO:colcon.colcon_core.shell:Creating package script '/home/nilum-sachithya/ros2_ws/src/install/firstpkg/share/firstpkg/package.bash'
[1.386s] INFO:colcon.colcon_core.shell:Creating package script '/home/nilum-sachithya/ros2_ws/src/install/firstpkg/share/firstpkg/package.zsh'
[1.386s] Level 1:colcon.colcon_core.environment:create_file_with_runtime_dependencies(/home/nilum-sachithya/ros2_ws/src/install/firstpkg/share/colcon-core/packages/firstpkg)
[1.387s] DEBUG:colcon.colcon_parallel_executor.executor.parallel:closing loop
[1.387s] DEBUG:colcon.colcon_parallel_executor.executor.parallel:loop closed
[1.387s] DEBUG:colcon.colcon_parallel_executor.executor.parallel:run_until_complete finished with '0'
[1.387s] DEBUG:colcon.colcon_core.event_reactor:joining thread
[1.394s] INFO:colcon.colcon_core.plugin_system:Skipping extension 'colcon_notification.desktop_notification.terminal_notifier': Not used on non-Darwin systems
[1.394s] INFO:colcon.colcon_core.plugin_system:Skipping extension 'colcon_notification.desktop_notification.win32': Not used on non-Windows systems
[1.394s] INFO:colcon.colcon_notification.desktop_notification:Sending desktop notification using 'notify2'
[1.407s] DEBUG:colcon.colcon_core.event_reactor:joined thread
[1.407s] INFO:colcon.colcon_core.shell:Creating prefix script '/home/nilum-sachithya/ros2_ws/src/install/local_setup.ps1'
[1.409s] INFO:colcon.colcon_core.shell:Creating prefix util module '/home/nilum-sachithya/ros2_ws/src/install/_local_setup_util_ps1.py'
[1.410s] INFO:colcon.colcon_core.shell:Creating prefix chain script '/home/nilum-sachithya/ros2_ws/src/install/setup.ps1'
[1.411s] INFO:colcon.colcon_core.shell:Creating prefix script '/home/nilum-sachithya/ros2_ws/src/install/local_setup.sh'
[1.412s] INFO:colcon.colcon_core.shell:Creating prefix util module '/home/nilum-sachithya/ros2_ws/src/install/_local_setup_util_sh.py'
[1.413s] INFO:colcon.colcon_core.shell:Creating prefix chain script '/home/nilum-sachithya/ros2_ws/src/install/setup.sh'
[1.414s] INFO:colcon.colcon_core.shell:Creating prefix script '/home/nilum-sachithya/ros2_ws/src/install/local_setup.bash'
[1.414s] INFO:colcon.colcon_core.shell:Creating prefix chain script '/home/nilum-sachithya/ros2_ws/src/install/setup.bash'
[1.415s] INFO:colcon.colcon_core.shell:Creating prefix script '/home/nilum-sachithya/ros2_ws/src/install/local_setup.zsh'
[1.416s] INFO:colcon.colcon_core.shell:Creating prefix chain script '/home/nilum-sachithya/ros2_ws/src/install/setup.zsh'
