[0.066s] DEBUG:colcon:Command line arguments: ['/usr/bin/colcon', 'build', '--symlink-install', '--allow-overriding', 'turtlesim']
[0.066s] DEBUG:colcon:Parsed command line arguments: Namespace(log_base=None, log_level=None, verb_name='build', build_base='build', install_base='install', merge_install=False, symlink_install=True, test_result_base=None, continue_on_error=False, executor='parallel', parallel_workers=16, event_handlers=None, ignore_user_meta=False, metas=['./colcon.meta'], base_paths=['.'], packages_ignore=None, packages_ignore_regex=None, paths=None, packages_up_to=None, packages_up_to_regex=None, packages_above=None, packages_above_and_dependencies=None, packages_above_depth=None, packages_select_by_dep=None, packages_skip_by_dep=None, packages_skip_up_to=None, packages_select_build_failed=False, packages_skip_build_finished=False, packages_select_test_failures=False, packages_skip_test_passed=False, packages_select=None, packages_skip=None, packages_select_regex=None, packages_skip_regex=None, packages_start=None, packages_end=None, allow_overriding=['turtlesim'], cmake_args=None, cmake_target=None, cmake_target_skip_unavailable=False, cmake_clean_cache=False, cmake_clean_first=False, cmake_force_configure=False, ament_cmake_args=None, catkin_cmake_args=None, catkin_skip_building_tests=False, mixin_files=None, mixin=None, verb_parser=<colcon_mixin.mixin.mixin_argument.MixinArgumentDecorator object at 0x7fa6b6894680>, verb_extension=<colcon_core.verb.build.BuildVerb object at 0x7fa6b72f8950>, main=<bound method BuildVerb.main of <colcon_core.verb.build.BuildVerb object at 0x7fa6b72f8950>>, mixin_verb=('build',))
[0.090s] Level 1:colcon.colcon_core.package_discovery:discover_packages(colcon_meta) check parameters
[0.091s] Level 1:colcon.colcon_core.package_discovery:discover_packages(recursive) check parameters
[0.091s] Level 1:colcon.colcon_core.package_discovery:discover_packages(ignore) check parameters
[0.091s] Level 1:colcon.colcon_core.package_discovery:discover_packages(path) check parameters
[0.091s] Level 1:colcon.colcon_core.package_discovery:discover_packages(colcon_meta) discover
[0.091s] Level 1:colcon.colcon_core.package_discovery:discover_packages(recursive) discover
[0.091s] INFO:colcon.colcon_core.package_discovery:Crawling recursively for packages in '/home/nilum-sachithya/ros2_ws'
[0.091s] Level 1:colcon.colcon_core.package_identification:_identify(.) by extensions ['ignore', 'ignore_ament_install']
[0.091s] Level 1:colcon.colcon_core.package_identification:_identify(.) by extension 'ignore'
[0.091s] Level 1:colcon.colcon_core.package_identification:_identify(.) by extension 'ignore_ament_install'
[0.091s] Level 1:colcon.colcon_core.package_identification:_identify(.) by extensions ['colcon_pkg']
[0.091s] Level 1:colcon.colcon_core.package_identification:_identify(.) by extension 'colcon_pkg'
[0.091s] Level 1:colcon.colcon_core.package_identification:_identify(.) by extensions ['colcon_meta']
[0.091s] Level 1:colcon.colcon_core.package_identification:_identify(.) by extension 'colcon_meta'
[0.091s] Level 1:colcon.colcon_core.package_identification:_identify(.) by extensions ['ros']
[0.091s] Level 1:colcon.colcon_core.package_identification:_identify(.) by extension 'ros'
[0.107s] Level 1:colcon.colcon_core.package_identification:_identify(.) by extensions ['cmake', 'python']
[0.107s] Level 1:colcon.colcon_core.package_identification:_identify(.) by extension 'cmake'
[0.107s] Level 1:colcon.colcon_core.package_identification:_identify(.) by extension 'python'
[0.107s] Level 1:colcon.colcon_core.package_identification:_identify(.) by extensions ['python_setup_py']
[0.107s] Level 1:colcon.colcon_core.package_identification:_identify(.) by extension 'python_setup_py'
[0.107s] Level 1:colcon.colcon_core.package_identification:_identify(build) by extensions ['ignore', 'ignore_ament_install']
[0.107s] Level 1:colcon.colcon_core.package_identification:_identify(build) by extension 'ignore'
[0.108s] Level 1:colcon.colcon_core.package_identification:_identify(build) ignored
[0.108s] Level 1:colcon.colcon_core.package_identification:_identify(install) by extensions ['ignore', 'ignore_ament_install']
[0.108s] Level 1:colcon.colcon_core.package_identification:_identify(install) by extension 'ignore'
[0.108s] Level 1:colcon.colcon_core.package_identification:_identify(install) ignored
[0.108s] Level 1:colcon.colcon_core.package_identification:_identify(log) by extensions ['ignore', 'ignore_ament_install']
[0.108s] Level 1:colcon.colcon_core.package_identification:_identify(log) by extension 'ignore'
[0.108s] Level 1:colcon.colcon_core.package_identification:_identify(log) ignored
[0.108s] Level 1:colcon.colcon_core.package_identification:_identify(ros_tutorials) by extensions ['ignore', 'ignore_ament_install']
[0.108s] Level 1:colcon.colcon_core.package_identification:_identify(ros_tutorials) by extension 'ignore'
[0.108s] Level 1:colcon.colcon_core.package_identification:_identify(ros_tutorials) by extension 'ignore_ament_install'
[0.108s] Level 1:colcon.colcon_core.package_identification:_identify(ros_tutorials) by extensions ['colcon_pkg']
[0.108s] Level 1:colcon.colcon_core.package_identification:_identify(ros_tutorials) by extension 'colcon_pkg'
[0.108s] Level 1:colcon.colcon_core.package_identification:_identify(ros_tutorials) by extensions ['colcon_meta']
[0.108s] Level 1:colcon.colcon_core.package_identification:_identify(ros_tutorials) by extension 'colcon_meta'
[0.108s] Level 1:colcon.colcon_core.package_identification:_identify(ros_tutorials) by extensions ['ros']
[0.108s] Level 1:colcon.colcon_core.package_identification:_identify(ros_tutorials) by extension 'ros'
[0.108s] Level 1:colcon.colcon_core.package_identification:_identify(ros_tutorials) by extensions ['cmake', 'python']
[0.108s] Level 1:colcon.colcon_core.package_identification:_identify(ros_tutorials) by extension 'cmake'
[0.108s] Level 1:colcon.colcon_core.package_identification:_identify(ros_tutorials) by extension 'python'
[0.108s] Level 1:colcon.colcon_core.package_identification:_identify(ros_tutorials) by extensions ['python_setup_py']
[0.108s] Level 1:colcon.colcon_core.package_identification:_identify(ros_tutorials) by extension 'python_setup_py'
[0.108s] Level 1:colcon.colcon_core.package_identification:_identify(ros_tutorials/turtlesim) by extensions ['ignore', 'ignore_ament_install']
[0.108s] Level 1:colcon.colcon_core.package_identification:_identify(ros_tutorials/turtlesim) by extension 'ignore'
[0.108s] Level 1:colcon.colcon_core.package_identification:_identify(ros_tutorials/turtlesim) by extension 'ignore_ament_install'
[0.108s] Level 1:colcon.colcon_core.package_identification:_identify(ros_tutorials/turtlesim) by extensions ['colcon_pkg']
[0.108s] Level 1:colcon.colcon_core.package_identification:_identify(ros_tutorials/turtlesim) by extension 'colcon_pkg'
[0.108s] Level 1:colcon.colcon_core.package_identification:_identify(ros_tutorials/turtlesim) by extensions ['colcon_meta']
[0.108s] Level 1:colcon.colcon_core.package_identification:_identify(ros_tutorials/turtlesim) by extension 'colcon_meta'
[0.108s] Level 1:colcon.colcon_core.package_identification:_identify(ros_tutorials/turtlesim) by extensions ['ros']
[0.108s] Level 1:colcon.colcon_core.package_identification:_identify(ros_tutorials/turtlesim) by extension 'ros'
[0.110s] DEBUG:colcon.colcon_core.package_identification:Package 'ros_tutorials/turtlesim' with type 'ros.ament_cmake' and name 'turtlesim'
[0.110s] Level 1:colcon.colcon_core.package_identification:_identify(src) by extensions ['ignore', 'ignore_ament_install']
[0.110s] Level 1:colcon.colcon_core.package_identification:_identify(src) by extension 'ignore'
[0.110s] Level 1:colcon.colcon_core.package_identification:_identify(src) by extension 'ignore_ament_install'
[0.110s] Level 1:colcon.colcon_core.package_identification:_identify(src) by extensions ['colcon_pkg']
[0.110s] Level 1:colcon.colcon_core.package_identification:_identify(src) by extension 'colcon_pkg'
[0.110s] Level 1:colcon.colcon_core.package_identification:_identify(src) by extensions ['colcon_meta']
[0.110s] Level 1:colcon.colcon_core.package_identification:_identify(src) by extension 'colcon_meta'
[0.110s] Level 1:colcon.colcon_core.package_identification:_identify(src) by extensions ['ros']
[0.110s] Level 1:colcon.colcon_core.package_identification:_identify(src) by extension 'ros'
[0.110s] Level 1:colcon.colcon_core.package_identification:_identify(src) by extensions ['cmake', 'python']
[0.110s] Level 1:colcon.colcon_core.package_identification:_identify(src) by extension 'cmake'
[0.110s] Level 1:colcon.colcon_core.package_identification:_identify(src) by extension 'python'
[0.111s] Level 1:colcon.colcon_core.package_identification:_identify(src) by extensions ['python_setup_py']
[0.111s] Level 1:colcon.colcon_core.package_identification:_identify(src) by extension 'python_setup_py'
[0.111s] Level 1:colcon.colcon_core.package_discovery:discover_packages(recursive) using defaults
[0.111s] Level 1:colcon.colcon_core.package_discovery:discover_packages(ignore) discover
[0.111s] Level 1:colcon.colcon_core.package_discovery:discover_packages(ignore) using defaults
[0.111s] Level 1:colcon.colcon_core.package_discovery:discover_packages(path) discover
[0.111s] Level 1:colcon.colcon_core.package_discovery:discover_packages(path) using defaults
[0.122s] Level 1:colcon.colcon_core.package_discovery:discover_packages(prefix_path) check parameters
[0.122s] Level 1:colcon.colcon_core.package_discovery:discover_packages(prefix_path) discover
[0.122s] WARNING:colcon.colcon_ros.prefix_path.ament:The path '/home/nilum-sachithya/ros2_ws/install/turtlesim' in the environment variable AMENT_PREFIX_PATH doesn't exist
[0.122s] WARNING:colcon.colcon_ros.prefix_path.catkin:The path '/home/nilum-sachithya/ros2_ws/install/turtlesim' in the environment variable CMAKE_PREFIX_PATH doesn't exist
[0.123s] DEBUG:colcon.colcon_installed_package_information.package_discovery:Found 0 installed packages in /home/nilum-sachithya/ros2_ws/install
[0.123s] DEBUG:colcon.colcon_installed_package_information.package_discovery:Found 285 installed packages in /opt/ros/jazzy
[0.124s] Level 1:colcon.colcon_core.package_discovery:discover_packages(prefix_path) using defaults
[0.152s] Level 5:colcon.colcon_core.verb:set package 'turtlesim' build argument 'cmake_args' from command line to 'None'
[0.152s] Level 5:colcon.colcon_core.verb:set package 'turtlesim' build argument 'cmake_target' from command line to 'None'
[0.152s] Level 5:colcon.colcon_core.verb:set package 'turtlesim' build argument 'cmake_target_skip_unavailable' from command line to 'False'
[0.152s] Level 5:colcon.colcon_core.verb:set package 'turtlesim' build argument 'cmake_clean_cache' from command line to 'False'
[0.152s] Level 5:colcon.colcon_core.verb:set package 'turtlesim' build argument 'cmake_clean_first' from command line to 'False'
[0.152s] Level 5:colcon.colcon_core.verb:set package 'turtlesim' build argument 'cmake_force_configure' from command line to 'False'
[0.152s] Level 5:colcon.colcon_core.verb:set package 'turtlesim' build argument 'ament_cmake_args' from command line to 'None'
[0.152s] Level 5:colcon.colcon_core.verb:set package 'turtlesim' build argument 'catkin_cmake_args' from command line to 'None'
[0.152s] Level 5:colcon.colcon_core.verb:set package 'turtlesim' build argument 'catkin_skip_building_tests' from command line to 'False'
[0.152s] DEBUG:colcon.colcon_core.verb:Building package 'turtlesim' with the following arguments: {'ament_cmake_args': None, 'build_base': '/home/nilum-sachithya/ros2_ws/build/turtlesim', 'catkin_cmake_args': None, 'catkin_skip_building_tests': False, 'cmake_args': None, 'cmake_clean_cache': False, 'cmake_clean_first': False, 'cmake_force_configure': False, 'cmake_target': None, 'cmake_target_skip_unavailable': False, 'install_base': '/home/nilum-sachithya/ros2_ws/install/turtlesim', 'merge_install': False, 'path': '/home/nilum-sachithya/ros2_ws/ros_tutorials/turtlesim', 'symlink_install': True, 'test_result_base': None}
[0.152s] INFO:colcon.colcon_core.executor:Executing jobs using 'parallel' executor
[0.153s] DEBUG:colcon.colcon_parallel_executor.executor.parallel:run_until_complete
[0.153s] INFO:colcon.colcon_ros.task.ament_cmake.build:Building ROS package in '/home/nilum-sachithya/ros2_ws/ros_tutorials/turtlesim' with build type 'ament_cmake'
[0.153s] INFO:colcon.colcon_cmake.task.cmake.build:Building CMake package in '/home/nilum-sachithya/ros2_ws/ros_tutorials/turtlesim'
[0.154s] INFO:colcon.colcon_core.plugin_system:Skipping extension 'colcon_core.shell.bat': Not used on non-Windows systems
[0.154s] INFO:colcon.colcon_core.shell:Skip shell extension 'powershell' for command environment: Not usable outside of PowerShell
[0.154s] DEBUG:colcon.colcon_core.shell:Skip shell extension 'dsv' for command environment
[0.159s] DEBUG:colcon.colcon_core.event_handler.log_command:Invoking command in '/home/nilum-sachithya/ros2_ws/build/turtlesim': CMAKE_PREFIX_PATH=${CMAKE_PREFIX_PATH}:/opt/ros/jazzy DEBUGINFOD_URLS=https://debuginfod.ubuntu.com /usr/bin/cmake /home/nilum-sachithya/ros2_ws/ros_tutorials/turtlesim -DAMENT_CMAKE_SYMLINK_INSTALL=1 -DCMAKE_INSTALL_PREFIX=/home/nilum-sachithya/ros2_ws/install/turtlesim
[2.428s] DEBUG:colcon.colcon_core.event_handler.log_command:Invoked command in '/home/nilum-sachithya/ros2_ws/build/turtlesim' returned '0': CMAKE_PREFIX_PATH=${CMAKE_PREFIX_PATH}:/opt/ros/jazzy DEBUGINFOD_URLS=https://debuginfod.ubuntu.com /usr/bin/cmake /home/nilum-sachithya/ros2_ws/ros_tutorials/turtlesim -DAMENT_CMAKE_SYMLINK_INSTALL=1 -DCMAKE_INSTALL_PREFIX=/home/nilum-sachithya/ros2_ws/install/turtlesim
[2.429s] DEBUG:colcon.colcon_core.event_handler.log_command:Invoking command in '/home/nilum-sachithya/ros2_ws/build/turtlesim': CMAKE_PREFIX_PATH=${CMAKE_PREFIX_PATH}:/opt/ros/jazzy DEBUGINFOD_URLS=https://debuginfod.ubuntu.com /usr/bin/cmake --build /home/nilum-sachithya/ros2_ws/build/turtlesim -- -j16 -l16
[15.929s] DEBUG:colcon.colcon_core.event_handler.log_command:Invoked command in '/home/nilum-sachithya/ros2_ws/build/turtlesim' returned '0': CMAKE_PREFIX_PATH=${CMAKE_PREFIX_PATH}:/opt/ros/jazzy DEBUGINFOD_URLS=https://debuginfod.ubuntu.com /usr/bin/cmake --build /home/nilum-sachithya/ros2_ws/build/turtlesim -- -j16 -l16
[15.934s] DEBUG:colcon.colcon_core.event_handler.log_command:Invoking command in '/home/nilum-sachithya/ros2_ws/build/turtlesim': CMAKE_PREFIX_PATH=${CMAKE_PREFIX_PATH}:/opt/ros/jazzy DEBUGINFOD_URLS=https://debuginfod.ubuntu.com /usr/bin/cmake --install /home/nilum-sachithya/ros2_ws/build/turtlesim
[16.994s] Level 1:colcon.colcon_core.environment:create_environment_scripts_only(turtlesim)
[16.995s] DEBUG:colcon.colcon_core.event_handler.log_command:Invoked command in '/home/nilum-sachithya/ros2_ws/build/turtlesim' returned '0': CMAKE_PREFIX_PATH=${CMAKE_PREFIX_PATH}:/opt/ros/jazzy DEBUGINFOD_URLS=https://debuginfod.ubuntu.com /usr/bin/cmake --install /home/nilum-sachithya/ros2_ws/build/turtlesim
[16.996s] Level 1:colcon.colcon_core.environment:checking '/home/nilum-sachithya/ros2_ws/install/turtlesim' for CMake module files
[16.996s] Level 1:colcon.colcon_core.environment:checking '/home/nilum-sachithya/ros2_ws/install/turtlesim' for CMake config files
[16.997s] Level 1:colcon.colcon_core.shell:create_environment_hook('turtlesim', 'cmake_prefix_path')
[16.997s] INFO:colcon.colcon_core.shell:Creating environment hook '/home/nilum-sachithya/ros2_ws/install/turtlesim/share/turtlesim/hook/cmake_prefix_path.ps1'
[16.998s] INFO:colcon.colcon_core.shell:Creating environment descriptor '/home/nilum-sachithya/ros2_ws/install/turtlesim/share/turtlesim/hook/cmake_prefix_path.dsv'
[16.998s] INFO:colcon.colcon_core.shell:Creating environment hook '/home/nilum-sachithya/ros2_ws/install/turtlesim/share/turtlesim/hook/cmake_prefix_path.sh'
[16.999s] Level 1:colcon.colcon_core.environment:checking '/home/nilum-sachithya/ros2_ws/install/turtlesim/lib'
[16.999s] Level 1:colcon.colcon_core.shell:create_environment_hook('turtlesim', 'ld_library_path_lib')
[16.999s] INFO:colcon.colcon_core.shell:Creating environment hook '/home/nilum-sachithya/ros2_ws/install/turtlesim/share/turtlesim/hook/ld_library_path_lib.ps1'
[16.999s] INFO:colcon.colcon_core.shell:Creating environment descriptor '/home/nilum-sachithya/ros2_ws/install/turtlesim/share/turtlesim/hook/ld_library_path_lib.dsv'
[16.999s] INFO:colcon.colcon_core.shell:Creating environment hook '/home/nilum-sachithya/ros2_ws/install/turtlesim/share/turtlesim/hook/ld_library_path_lib.sh'
[16.999s] Level 1:colcon.colcon_core.environment:checking '/home/nilum-sachithya/ros2_ws/install/turtlesim/bin'
[16.999s] Level 1:colcon.colcon_core.environment:checking '/home/nilum-sachithya/ros2_ws/install/turtlesim/lib/pkgconfig/turtlesim.pc'
[17.000s] Level 1:colcon.colcon_core.environment:checking '/home/nilum-sachithya/ros2_ws/install/turtlesim/lib/python3.12/site-packages'
[17.000s] Level 1:colcon.colcon_core.shell:create_environment_hook('turtlesim', 'pythonpath')
[17.000s] INFO:colcon.colcon_core.shell:Creating environment hook '/home/nilum-sachithya/ros2_ws/install/turtlesim/share/turtlesim/hook/pythonpath.ps1'
[17.000s] INFO:colcon.colcon_core.shell:Creating environment descriptor '/home/nilum-sachithya/ros2_ws/install/turtlesim/share/turtlesim/hook/pythonpath.dsv'
[17.000s] INFO:colcon.colcon_core.shell:Creating environment hook '/home/nilum-sachithya/ros2_ws/install/turtlesim/share/turtlesim/hook/pythonpath.sh'
[17.001s] Level 1:colcon.colcon_core.environment:checking '/home/nilum-sachithya/ros2_ws/install/turtlesim/bin'
[17.001s] INFO:colcon.colcon_core.shell:Creating package script '/home/nilum-sachithya/ros2_ws/install/turtlesim/share/turtlesim/package.ps1'
[17.001s] INFO:colcon.colcon_core.shell:Creating package descriptor '/home/nilum-sachithya/ros2_ws/install/turtlesim/share/turtlesim/package.dsv'
[17.002s] INFO:colcon.colcon_core.shell:Creating package script '/home/nilum-sachithya/ros2_ws/install/turtlesim/share/turtlesim/package.sh'
[17.002s] INFO:colcon.colcon_core.shell:Creating package script '/home/nilum-sachithya/ros2_ws/install/turtlesim/share/turtlesim/package.bash'
[17.002s] INFO:colcon.colcon_core.shell:Creating package script '/home/nilum-sachithya/ros2_ws/install/turtlesim/share/turtlesim/package.zsh'
[17.003s] Level 1:colcon.colcon_core.environment:create_file_with_runtime_dependencies(/home/nilum-sachithya/ros2_ws/install/turtlesim/share/colcon-core/packages/turtlesim)
[17.003s] Level 1:colcon.colcon_core.environment:create_environment_scripts_only(turtlesim)
[17.003s] Level 1:colcon.colcon_core.environment:checking '/home/nilum-sachithya/ros2_ws/install/turtlesim' for CMake module files
[17.003s] Level 1:colcon.colcon_core.environment:checking '/home/nilum-sachithya/ros2_ws/install/turtlesim' for CMake config files
[17.004s] Level 1:colcon.colcon_core.shell:create_environment_hook('turtlesim', 'cmake_prefix_path')
[17.004s] INFO:colcon.colcon_core.shell:Creating environment hook '/home/nilum-sachithya/ros2_ws/install/turtlesim/share/turtlesim/hook/cmake_prefix_path.ps1'
[17.004s] INFO:colcon.colcon_core.shell:Creating environment descriptor '/home/nilum-sachithya/ros2_ws/install/turtlesim/share/turtlesim/hook/cmake_prefix_path.dsv'
[17.004s] INFO:colcon.colcon_core.shell:Creating environment hook '/home/nilum-sachithya/ros2_ws/install/turtlesim/share/turtlesim/hook/cmake_prefix_path.sh'
[17.005s] Level 1:colcon.colcon_core.environment:checking '/home/nilum-sachithya/ros2_ws/install/turtlesim/lib'
[17.005s] Level 1:colcon.colcon_core.shell:create_environment_hook('turtlesim', 'ld_library_path_lib')
[17.005s] INFO:colcon.colcon_core.shell:Creating environment hook '/home/nilum-sachithya/ros2_ws/install/turtlesim/share/turtlesim/hook/ld_library_path_lib.ps1'
[17.005s] INFO:colcon.colcon_core.shell:Creating environment descriptor '/home/nilum-sachithya/ros2_ws/install/turtlesim/share/turtlesim/hook/ld_library_path_lib.dsv'
[17.005s] INFO:colcon.colcon_core.shell:Creating environment hook '/home/nilum-sachithya/ros2_ws/install/turtlesim/share/turtlesim/hook/ld_library_path_lib.sh'
[17.006s] Level 1:colcon.colcon_core.environment:checking '/home/nilum-sachithya/ros2_ws/install/turtlesim/bin'
[17.006s] Level 1:colcon.colcon_core.environment:checking '/home/nilum-sachithya/ros2_ws/install/turtlesim/lib/pkgconfig/turtlesim.pc'
[17.006s] Level 1:colcon.colcon_core.environment:checking '/home/nilum-sachithya/ros2_ws/install/turtlesim/lib/python3.12/site-packages'
[17.006s] Level 1:colcon.colcon_core.shell:create_environment_hook('turtlesim', 'pythonpath')
[17.006s] INFO:colcon.colcon_core.shell:Creating environment hook '/home/nilum-sachithya/ros2_ws/install/turtlesim/share/turtlesim/hook/pythonpath.ps1'
[17.006s] INFO:colcon.colcon_core.shell:Creating environment descriptor '/home/nilum-sachithya/ros2_ws/install/turtlesim/share/turtlesim/hook/pythonpath.dsv'
[17.006s] INFO:colcon.colcon_core.shell:Creating environment hook '/home/nilum-sachithya/ros2_ws/install/turtlesim/share/turtlesim/hook/pythonpath.sh'
[17.007s] Level 1:colcon.colcon_core.environment:checking '/home/nilum-sachithya/ros2_ws/install/turtlesim/bin'
[17.007s] INFO:colcon.colcon_core.shell:Creating package script '/home/nilum-sachithya/ros2_ws/install/turtlesim/share/turtlesim/package.ps1'
[17.007s] INFO:colcon.colcon_core.shell:Creating package descriptor '/home/nilum-sachithya/ros2_ws/install/turtlesim/share/turtlesim/package.dsv'
[17.007s] INFO:colcon.colcon_core.shell:Creating package script '/home/nilum-sachithya/ros2_ws/install/turtlesim/share/turtlesim/package.sh'
[17.008s] INFO:colcon.colcon_core.shell:Creating package script '/home/nilum-sachithya/ros2_ws/install/turtlesim/share/turtlesim/package.bash'
[17.008s] INFO:colcon.colcon_core.shell:Creating package script '/home/nilum-sachithya/ros2_ws/install/turtlesim/share/turtlesim/package.zsh'
[17.008s] Level 1:colcon.colcon_core.environment:create_file_with_runtime_dependencies(/home/nilum-sachithya/ros2_ws/install/turtlesim/share/colcon-core/packages/turtlesim)
[17.008s] DEBUG:colcon.colcon_parallel_executor.executor.parallel:closing loop
[17.008s] DEBUG:colcon.colcon_parallel_executor.executor.parallel:loop closed
[17.008s] DEBUG:colcon.colcon_parallel_executor.executor.parallel:run_until_complete finished with '0'
[17.008s] DEBUG:colcon.colcon_core.event_reactor:joining thread
[17.012s] INFO:colcon.colcon_core.plugin_system:Skipping extension 'colcon_notification.desktop_notification.terminal_notifier': Not used on non-Darwin systems
[17.012s] INFO:colcon.colcon_core.plugin_system:Skipping extension 'colcon_notification.desktop_notification.win32': Not used on non-Windows systems
[17.012s] INFO:colcon.colcon_notification.desktop_notification:Sending desktop notification using 'notify2'
[17.020s] DEBUG:colcon.colcon_core.event_reactor:joined thread
[17.020s] INFO:colcon.colcon_core.shell:Creating prefix script '/home/nilum-sachithya/ros2_ws/install/local_setup.ps1'
[17.020s] INFO:colcon.colcon_core.shell:Creating prefix util module '/home/nilum-sachithya/ros2_ws/install/_local_setup_util_ps1.py'
[17.021s] INFO:colcon.colcon_core.shell:Creating prefix chain script '/home/nilum-sachithya/ros2_ws/install/setup.ps1'
[17.022s] INFO:colcon.colcon_core.shell:Creating prefix script '/home/nilum-sachithya/ros2_ws/install/local_setup.sh'
[17.022s] INFO:colcon.colcon_core.shell:Creating prefix util module '/home/nilum-sachithya/ros2_ws/install/_local_setup_util_sh.py'
[17.022s] INFO:colcon.colcon_core.shell:Creating prefix chain script '/home/nilum-sachithya/ros2_ws/install/setup.sh'
[17.023s] INFO:colcon.colcon_core.shell:Creating prefix script '/home/nilum-sachithya/ros2_ws/install/local_setup.bash'
[17.023s] INFO:colcon.colcon_core.shell:Creating prefix chain script '/home/nilum-sachithya/ros2_ws/install/setup.bash'
[17.024s] INFO:colcon.colcon_core.shell:Creating prefix script '/home/nilum-sachithya/ros2_ws/install/local_setup.zsh'
[17.024s] INFO:colcon.colcon_core.shell:Creating prefix chain script '/home/nilum-sachithya/ros2_ws/install/setup.zsh'
