-- The C compiler identification is GNU 13.3.0
-- The CXX compiler identification is GNU 13.3.0
-- Detecting C compiler ABI info
-- Detecting C compiler ABI info - done
-- Check for working C compiler: /usr/bin/cc - skipped
-- Detecting C compile features
-- Detecting C compile features - done
-- Detecting CXX compiler ABI info
-- Detecting CXX compiler ABI info - done
-- Check for working CXX compiler: /usr/bin/c++ - skipped
-- Detecting CXX compile features
-- Detecting CXX compile features - done
-- Found ament_cmake: 2.5.4 (/opt/ros/jazzy/share/ament_cmake/cmake)
-- Found Python3: /usr/bin/python3 (found version "3.12.3") found components: Interpreter 
-- Found ament_lint_auto: 0.17.3 (/opt/ros/jazzy/share/ament_lint_auto/cmake)
-- Added test 'cppcheck' to perform static code analysis on C / C++ code
-- Configured cppcheck include dirs: $<BUILD_INTERFACE:/home/nilum-sachithya/ros2_ws/src/Nilums_pkg/include>
-- Configured cppcheck exclude dirs and/or files: 
-- Added test 'lint_cmake' to check CMake code style
-- Added test 'uncrustify' to check C / C++ code style
-- Configured uncrustify additional arguments: 
-- Added test 'xmllint' to check XML markup files
-- Configuring done (0.5s)
-- Generating done (0.0s)
-- Build files have been written to: /home/nilum-sachithya/ros2_ws/build/Nilums_pkg
[ 50%] [32mBuilding CXX object CMakeFiles/Nilums_Node.dir/src/Nilums_Node.cpp.o[0m
[100%] [32m[1mLinking CXX executable Nilums_Node[0m
[100%] Built target Nilums_Node
-- Install configuration: ""
-- Installing: /home/nilum-sachithya/ros2_ws/install/Nilums_pkg/lib/Nilums_pkg/Nilums_Node
-- Installing: /home/nilum-sachithya/ros2_ws/install/Nilums_pkg/share/ament_index/resource_index/package_run_dependencies/Nilums_pkg
-- Installing: /home/nilum-sachithya/ros2_ws/install/Nilums_pkg/share/ament_index/resource_index/parent_prefix_path/Nilums_pkg
-- Installing: /home/nilum-sachithya/ros2_ws/install/Nilums_pkg/share/Nilums_pkg/environment/ament_prefix_path.sh
-- Installing: /home/nilum-sachithya/ros2_ws/install/Nilums_pkg/share/Nilums_pkg/environment/ament_prefix_path.dsv
-- Installing: /home/nilum-sachithya/ros2_ws/install/Nilums_pkg/share/Nilums_pkg/environment/path.sh
-- Installing: /home/nilum-sachithya/ros2_ws/install/Nilums_pkg/share/Nilums_pkg/environment/path.dsv
-- Installing: /home/nilum-sachithya/ros2_ws/install/Nilums_pkg/share/Nilums_pkg/local_setup.bash
-- Installing: /home/nilum-sachithya/ros2_ws/install/Nilums_pkg/share/Nilums_pkg/local_setup.sh
-- Installing: /home/nilum-sachithya/ros2_ws/install/Nilums_pkg/share/Nilums_pkg/local_setup.zsh
-- Installing: /home/nilum-sachithya/ros2_ws/install/Nilums_pkg/share/Nilums_pkg/local_setup.dsv
-- Installing: /home/nilum-sachithya/ros2_ws/install/Nilums_pkg/share/Nilums_pkg/package.dsv
-- Installing: /home/nilum-sachithya/ros2_ws/install/Nilums_pkg/share/ament_index/resource_index/packages/Nilums_pkg
-- Installing: /home/nilum-sachithya/ros2_ws/install/Nilums_pkg/share/Nilums_pkg/cmake/Nilums_pkgConfig.cmake
-- Installing: /home/nilum-sachithya/ros2_ws/install/Nilums_pkg/share/Nilums_pkg/cmake/Nilums_pkgConfig-version.cmake
-- Installing: /home/nilum-sachithya/ros2_ws/install/Nilums_pkg/share/Nilums_pkg/package.xml
