[0.006s] Invoking command in '/home/nilum-sachithya/ros2_ws/build/Nilums_pkg': CMAKE_PREFIX_PATH=${CMAKE_PREFIX_PATH}:/opt/ros/jazzy DEBUGINFOD_URLS=https://debuginfod.ubuntu.com /usr/bin/cmake /home/nilum-sachithya/ros2_ws/src/Nilums_pkg -DCMAKE_INSTALL_PREFIX=/home/nilum-sachithya/ros2_ws/install/Nilums_pkg
[0.041s] -- The C compiler identification is GNU 13.3.0
[0.085s] -- The CXX compiler identification is GNU 13.3.0
[0.094s] -- Detecting C compiler ABI info
[0.173s] -- Detecting C compiler ABI info - done
[0.182s] -- Check for working C compiler: /usr/bin/cc - skipped
[0.182s] -- Detecting C compile features
[0.183s] -- Detecting C compile features - done
[0.192s] -- Detecting CXX compiler ABI info
[0.272s] -- Detecting CXX compiler ABI info - done
[0.278s] -- Check for working CXX compiler: /usr/bin/c++ - skipped
[0.278s] -- Detecting CXX compile features
[0.279s] -- Detecting CXX compile features - done
[0.280s] -- Found ament_cmake: 2.5.4 (/opt/ros/jazzy/share/ament_cmake/cmake)
[0.367s] -- Found Python3: /usr/bin/python3 (found version "3.12.3") found components: Interpreter 
[0.430s] -- Found ament_lint_auto: 0.17.3 (/opt/ros/jazzy/share/ament_lint_auto/cmake)
[0.477s] WARNING: Package name "Nilums_pkg" does not follow the naming conventions. It should start with a lower case letter and only contain lower case letters, digits, underscores, and dashes.
[0.495s] -- Added test 'cppcheck' to perform static code analysis on C / C++ code
[0.496s] -- Configured cppcheck include dirs: $<BUILD_INTERFACE:/home/nilum-sachithya/ros2_ws/src/Nilums_pkg/include>
[0.496s] -- Configured cppcheck exclude dirs and/or files: 
[0.496s] -- Added test 'lint_cmake' to check CMake code style
[0.497s] -- Added test 'uncrustify' to check C / C++ code style
[0.497s] -- Configured uncrustify additional arguments: 
[0.497s] -- Added test 'xmllint' to check XML markup files
[0.498s] -- Configuring done (0.5s)
[0.500s] -- Generating done (0.0s)
[0.502s] -- Build files have been written to: /home/nilum-sachithya/ros2_ws/build/Nilums_pkg
[0.505s] Invoked command in '/home/nilum-sachithya/ros2_ws/build/Nilums_pkg' returned '0': CMAKE_PREFIX_PATH=${CMAKE_PREFIX_PATH}:/opt/ros/jazzy DEBUGINFOD_URLS=https://debuginfod.ubuntu.com /usr/bin/cmake /home/nilum-sachithya/ros2_ws/src/Nilums_pkg -DCMAKE_INSTALL_PREFIX=/home/nilum-sachithya/ros2_ws/install/Nilums_pkg
[0.506s] Invoking command in '/home/nilum-sachithya/ros2_ws/build/Nilums_pkg': CMAKE_PREFIX_PATH=${CMAKE_PREFIX_PATH}:/opt/ros/jazzy DEBUGINFOD_URLS=https://debuginfod.ubuntu.com /usr/bin/cmake --build /home/nilum-sachithya/ros2_ws/build/Nilums_pkg -- -j16 -l16
[0.533s] [ 50%] [32mBuilding CXX object CMakeFiles/Nilums_Node.dir/src/Nilums_Node.cpp.o[0m
[0.551s] [100%] [32m[1mLinking CXX executable Nilums_Node[0m
[0.577s] [100%] Built target Nilums_Node
[0.584s] Invoked command in '/home/nilum-sachithya/ros2_ws/build/Nilums_pkg' returned '0': CMAKE_PREFIX_PATH=${CMAKE_PREFIX_PATH}:/opt/ros/jazzy DEBUGINFOD_URLS=https://debuginfod.ubuntu.com /usr/bin/cmake --build /home/nilum-sachithya/ros2_ws/build/Nilums_pkg -- -j16 -l16
[0.590s] Invoking command in '/home/nilum-sachithya/ros2_ws/build/Nilums_pkg': CMAKE_PREFIX_PATH=${CMAKE_PREFIX_PATH}:/opt/ros/jazzy DEBUGINFOD_URLS=https://debuginfod.ubuntu.com /usr/bin/cmake --install /home/nilum-sachithya/ros2_ws/build/Nilums_pkg
[0.594s] -- Install configuration: ""
[0.594s] -- Installing: /home/nilum-sachithya/ros2_ws/install/Nilums_pkg/lib/Nilums_pkg/Nilums_Node
[0.594s] -- Installing: /home/nilum-sachithya/ros2_ws/install/Nilums_pkg/share/ament_index/resource_index/package_run_dependencies/Nilums_pkg
[0.594s] -- Installing: /home/nilum-sachithya/ros2_ws/install/Nilums_pkg/share/ament_index/resource_index/parent_prefix_path/Nilums_pkg
[0.594s] -- Installing: /home/nilum-sachithya/ros2_ws/install/Nilums_pkg/share/Nilums_pkg/environment/ament_prefix_path.sh
[0.594s] -- Installing: /home/nilum-sachithya/ros2_ws/install/Nilums_pkg/share/Nilums_pkg/environment/ament_prefix_path.dsv
[0.594s] -- Installing: /home/nilum-sachithya/ros2_ws/install/Nilums_pkg/share/Nilums_pkg/environment/path.sh
[0.594s] -- Installing: /home/nilum-sachithya/ros2_ws/install/Nilums_pkg/share/Nilums_pkg/environment/path.dsv
[0.594s] -- Installing: /home/nilum-sachithya/ros2_ws/install/Nilums_pkg/share/Nilums_pkg/local_setup.bash
[0.594s] -- Installing: /home/nilum-sachithya/ros2_ws/install/Nilums_pkg/share/Nilums_pkg/local_setup.sh
[0.594s] -- Installing: /home/nilum-sachithya/ros2_ws/install/Nilums_pkg/share/Nilums_pkg/local_setup.zsh
[0.595s] -- Installing: /home/nilum-sachithya/ros2_ws/install/Nilums_pkg/share/Nilums_pkg/local_setup.dsv
[0.595s] -- Installing: /home/nilum-sachithya/ros2_ws/install/Nilums_pkg/share/Nilums_pkg/package.dsv
[0.595s] -- Installing: /home/nilum-sachithya/ros2_ws/install/Nilums_pkg/share/ament_index/resource_index/packages/Nilums_pkg
[0.595s] -- Installing: /home/nilum-sachithya/ros2_ws/install/Nilums_pkg/share/Nilums_pkg/cmake/Nilums_pkgConfig.cmake
[0.595s] -- Installing: /home/nilum-sachithya/ros2_ws/install/Nilums_pkg/share/Nilums_pkg/cmake/Nilums_pkgConfig-version.cmake
[0.595s] -- Installing: /home/nilum-sachithya/ros2_ws/install/Nilums_pkg/share/Nilums_pkg/package.xml
[0.596s] Invoked command in '/home/nilum-sachithya/ros2_ws/build/Nilums_pkg' returned '0': CMAKE_PREFIX_PATH=${CMAKE_PREFIX_PATH}:/opt/ros/jazzy DEBUGINFOD_URLS=https://debuginfod.ubuntu.com /usr/bin/cmake --install /home/nilum-sachithya/ros2_ws/build/Nilums_pkg
