[0.006s] Invoking command in '/home/nilum-sachithya/ros2_ws/build/Nilums_pkg': CMAKE_PREFIX_PATH=${CMAKE_PREFIX_PATH}:/opt/ros/jazzy DEBUGINFOD_URLS=https://debuginfod.ubuntu.com /usr/bin/cmake --build /home/nilum-sachithya/ros2_ws/build/Nilums_pkg -- -j16 -l16
[0.038s] [100%] Built target Nilums_Node
[0.054s] Invoked command in '/home/nilum-sachithya/ros2_ws/build/Nilums_pkg' returned '0': CMAKE_PREFIX_PATH=${CMAKE_PREFIX_PATH}:/opt/ros/jazzy DEBUGINFOD_URLS=https://debuginfod.ubuntu.com /usr/bin/cmake --build /home/nilum-sachithya/ros2_ws/build/Nilums_pkg -- -j16 -l16
[0.062s] Invoking command in '/home/nilum-sachithya/ros2_ws/build/Nilums_pkg': CMAKE_PREFIX_PATH=${CMAKE_PREFIX_PATH}:/opt/ros/jazzy DEBUGINFOD_URLS=https://debuginfod.ubuntu.com /usr/bin/cmake --install /home/nilum-sachithya/ros2_ws/build/Nilums_pkg
[0.069s] -- Install configuration: ""
[0.069s] -- Up-to-date: /home/nilum-sachithya/ros2_ws/install/Nilums_pkg/lib/Nilums_pkg/Nilums_Node
[0.069s] -- Up-to-date: /home/nilum-sachithya/ros2_ws/install/Nilums_pkg/share/ament_index/resource_index/package_run_dependencies/Nilums_pkg
[0.069s] -- Up-to-date: /home/nilum-sachithya/ros2_ws/install/Nilums_pkg/share/ament_index/resource_index/parent_prefix_path/Nilums_pkg
[0.069s] -- Up-to-date: /home/nilum-sachithya/ros2_ws/install/Nilums_pkg/share/Nilums_pkg/environment/ament_prefix_path.sh
[0.069s] -- Up-to-date: /home/nilum-sachithya/ros2_ws/install/Nilums_pkg/share/Nilums_pkg/environment/ament_prefix_path.dsv
[0.069s] -- Up-to-date: /home/nilum-sachithya/ros2_ws/install/Nilums_pkg/share/Nilums_pkg/environment/path.sh
[0.070s] -- Up-to-date: /home/nilum-sachithya/ros2_ws/install/Nilums_pkg/share/Nilums_pkg/environment/path.dsv
[0.070s] -- Up-to-date: /home/nilum-sachithya/ros2_ws/install/Nilums_pkg/share/Nilums_pkg/local_setup.bash
[0.070s] -- Up-to-date: /home/nilum-sachithya/ros2_ws/install/Nilums_pkg/share/Nilums_pkg/local_setup.sh
[0.070s] -- Up-to-date: /home/nilum-sachithya/ros2_ws/install/Nilums_pkg/share/Nilums_pkg/local_setup.zsh
[0.070s] -- Up-to-date: /home/nilum-sachithya/ros2_ws/install/Nilums_pkg/share/Nilums_pkg/local_setup.dsv
[0.070s] -- Installing: /home/nilum-sachithya/ros2_ws/install/Nilums_pkg/share/Nilums_pkg/package.dsv
[0.070s] -- Up-to-date: /home/nilum-sachithya/ros2_ws/install/Nilums_pkg/share/ament_index/resource_index/packages/Nilums_pkg
[0.070s] -- Up-to-date: /home/nilum-sachithya/ros2_ws/install/Nilums_pkg/share/Nilums_pkg/cmake/Nilums_pkgConfig.cmake
[0.070s] -- Up-to-date: /home/nilum-sachithya/ros2_ws/install/Nilums_pkg/share/Nilums_pkg/cmake/Nilums_pkgConfig-version.cmake
[0.070s] -- Up-to-date: /home/nilum-sachithya/ros2_ws/install/Nilums_pkg/share/Nilums_pkg/package.xml
[0.071s] Invoked command in '/home/nilum-sachithya/ros2_ws/build/Nilums_pkg' returned '0': CMAKE_PREFIX_PATH=${CMAKE_PREFIX_PATH}:/opt/ros/jazzy DEBUGINFOD_URLS=https://debuginfod.ubuntu.com /usr/bin/cmake --install /home/nilum-sachithya/ros2_ws/build/Nilums_pkg
