[0.141s] DEBUG:colcon:Command line arguments: ['/usr/bin/colcon', 'build', '--packages-select', 'newp']
[0.141s] DEBUG:colcon:Parsed command line arguments: Namespace(log_base=None, log_level=None, verb_name='build', build_base='build', install_base='install', merge_install=False, symlink_install=False, test_result_base=None, continue_on_error=False, executor='parallel', parallel_workers=16, event_handlers=None, ignore_user_meta=False, metas=['./colcon.meta'], base_paths=['.'], packages_ignore=None, packages_ignore_regex=None, paths=None, packages_up_to=None, packages_up_to_regex=None, packages_above=None, packages_above_and_dependencies=None, packages_above_depth=None, packages_select_by_dep=None, packages_skip_by_dep=None, packages_skip_up_to=None, packages_select_build_failed=False, packages_skip_build_finished=False, packages_select_test_failures=False, packages_skip_test_passed=False, packages_select=['newp'], packages_skip=None, packages_select_regex=None, packages_skip_regex=None, packages_start=None, packages_end=None, allow_overriding=[], cmake_args=None, cmake_target=None, cmake_target_skip_unavailable=False, cmake_clean_cache=False, cmake_clean_first=False, cmake_force_configure=False, ament_cmake_args=None, catkin_cmake_args=None, catkin_skip_building_tests=False, mixin_files=None, mixin=None, verb_parser=<colcon_mixin.mixin.mixin_argument.MixinArgumentDecorator object at 0x750f1ad902f0>, verb_extension=<colcon_core.verb.build.BuildVerb object at 0x750f1bc749b0>, main=<bound method BuildVerb.main of <colcon_core.verb.build.BuildVerb object at 0x750f1bc749b0>>, mixin_verb=('build',))
[0.191s] Level 1:colcon.colcon_core.package_discovery:discover_packages(colcon_meta) check parameters
[0.192s] Level 1:colcon.colcon_core.package_discovery:discover_packages(recursive) check parameters
[0.192s] Level 1:colcon.colcon_core.package_discovery:discover_packages(ignore) check parameters
[0.192s] Level 1:colcon.colcon_core.package_discovery:discover_packages(path) check parameters
[0.192s] Level 1:colcon.colcon_core.package_discovery:discover_packages(colcon_meta) discover
[0.192s] Level 1:colcon.colcon_core.package_discovery:discover_packages(recursive) discover
[0.192s] INFO:colcon.colcon_core.package_discovery:Crawling recursively for packages in '/home/nilum-sachithya/ros2_ws/src'
[0.192s] Level 1:colcon.colcon_core.package_identification:_identify(.) by extensions ['ignore', 'ignore_ament_install']
[0.192s] Level 1:colcon.colcon_core.package_identification:_identify(.) by extension 'ignore'
[0.192s] Level 1:colcon.colcon_core.package_identification:_identify(.) by extension 'ignore_ament_install'
[0.192s] Level 1:colcon.colcon_core.package_identification:_identify(.) by extensions ['colcon_pkg']
[0.192s] Level 1:colcon.colcon_core.package_identification:_identify(.) by extension 'colcon_pkg'
[0.192s] Level 1:colcon.colcon_core.package_identification:_identify(.) by extensions ['colcon_meta']
[0.192s] Level 1:colcon.colcon_core.package_identification:_identify(.) by extension 'colcon_meta'
[0.193s] Level 1:colcon.colcon_core.package_identification:_identify(.) by extensions ['ros']
[0.193s] Level 1:colcon.colcon_core.package_identification:_identify(.) by extension 'ros'
[0.227s] Level 1:colcon.colcon_core.package_identification:_identify(.) by extensions ['cmake', 'python']
[0.227s] Level 1:colcon.colcon_core.package_identification:_identify(.) by extension 'cmake'
[0.227s] Level 1:colcon.colcon_core.package_identification:_identify(.) by extension 'python'
[0.227s] Level 1:colcon.colcon_core.package_identification:_identify(.) by extensions ['python_setup_py']
[0.227s] Level 1:colcon.colcon_core.package_identification:_identify(.) by extension 'python_setup_py'
[0.227s] Level 1:colcon.colcon_core.package_identification:_identify(build) by extensions ['ignore', 'ignore_ament_install']
[0.227s] Level 1:colcon.colcon_core.package_identification:_identify(build) by extension 'ignore'
[0.227s] Level 1:colcon.colcon_core.package_identification:_identify(build) ignored
[0.227s] Level 1:colcon.colcon_core.package_identification:_identify(install) by extensions ['ignore', 'ignore_ament_install']
[0.228s] Level 1:colcon.colcon_core.package_identification:_identify(install) by extension 'ignore'
[0.228s] Level 1:colcon.colcon_core.package_identification:_identify(install) ignored
[0.228s] Level 1:colcon.colcon_core.package_identification:_identify(log) by extensions ['ignore', 'ignore_ament_install']
[0.228s] Level 1:colcon.colcon_core.package_identification:_identify(log) by extension 'ignore'
[0.228s] Level 1:colcon.colcon_core.package_identification:_identify(log) ignored
[0.228s] Level 1:colcon.colcon_core.package_identification:_identify(newp) by extensions ['ignore', 'ignore_ament_install']
[0.228s] Level 1:colcon.colcon_core.package_identification:_identify(newp) by extension 'ignore'
[0.228s] Level 1:colcon.colcon_core.package_identification:_identify(newp) by extension 'ignore_ament_install'
[0.228s] Level 1:colcon.colcon_core.package_identification:_identify(newp) by extensions ['colcon_pkg']
[0.228s] Level 1:colcon.colcon_core.package_identification:_identify(newp) by extension 'colcon_pkg'
[0.228s] Level 1:colcon.colcon_core.package_identification:_identify(newp) by extensions ['colcon_meta']
[0.228s] Level 1:colcon.colcon_core.package_identification:_identify(newp) by extension 'colcon_meta'
[0.228s] Level 1:colcon.colcon_core.package_identification:_identify(newp) by extensions ['ros']
[0.228s] Level 1:colcon.colcon_core.package_identification:_identify(newp) by extension 'ros'
[0.231s] DEBUG:colcon.colcon_core.package_identification:Package 'newp' with type 'ros.ament_cmake' and name 'newp'
[0.231s] Level 1:colcon.colcon_core.package_identification:_identify(testnode) by extensions ['ignore', 'ignore_ament_install']
[0.232s] Level 1:colcon.colcon_core.package_identification:_identify(testnode) by extension 'ignore'
[0.232s] Level 1:colcon.colcon_core.package_identification:_identify(testnode) by extension 'ignore_ament_install'
[0.232s] Level 1:colcon.colcon_core.package_identification:_identify(testnode) by extensions ['colcon_pkg']
[0.232s] Level 1:colcon.colcon_core.package_identification:_identify(testnode) by extension 'colcon_pkg'
[0.232s] Level 1:colcon.colcon_core.package_identification:_identify(testnode) by extensions ['colcon_meta']
[0.232s] Level 1:colcon.colcon_core.package_identification:_identify(testnode) by extension 'colcon_meta'
[0.232s] Level 1:colcon.colcon_core.package_identification:_identify(testnode) by extensions ['ros']
[0.232s] Level 1:colcon.colcon_core.package_identification:_identify(testnode) by extension 'ros'
[0.233s] DEBUG:colcon.colcon_core.package_identification:Package 'testnode' with type 'ros.ament_cmake' and name 'testnode'
[0.233s] Level 1:colcon.colcon_core.package_discovery:discover_packages(recursive) using defaults
[0.233s] Level 1:colcon.colcon_core.package_discovery:discover_packages(ignore) discover
[0.233s] Level 1:colcon.colcon_core.package_discovery:discover_packages(ignore) using defaults
[0.233s] Level 1:colcon.colcon_core.package_discovery:discover_packages(path) discover
[0.233s] Level 1:colcon.colcon_core.package_discovery:discover_packages(path) using defaults
[0.255s] INFO:colcon.colcon_core.package_selection:Skipping not selected package 'testnode' in 'testnode'
[0.256s] Level 1:colcon.colcon_core.package_discovery:discover_packages(prefix_path) check parameters
[0.256s] Level 1:colcon.colcon_core.package_discovery:discover_packages(prefix_path) discover
[0.258s] DEBUG:colcon.colcon_installed_package_information.package_discovery:Found 3 installed packages in /home/nilum-sachithya/ros2_ws/install
[0.260s] DEBUG:colcon.colcon_installed_package_information.package_discovery:Found 285 installed packages in /opt/ros/jazzy
[0.262s] Level 1:colcon.colcon_core.package_discovery:discover_packages(prefix_path) using defaults
[0.311s] Level 5:colcon.colcon_core.verb:set package 'newp' build argument 'cmake_args' from command line to 'None'
[0.311s] Level 5:colcon.colcon_core.verb:set package 'newp' build argument 'cmake_target' from command line to 'None'
[0.311s] Level 5:colcon.colcon_core.verb:set package 'newp' build argument 'cmake_target_skip_unavailable' from command line to 'False'
[0.311s] Level 5:colcon.colcon_core.verb:set package 'newp' build argument 'cmake_clean_cache' from command line to 'False'
[0.311s] Level 5:colcon.colcon_core.verb:set package 'newp' build argument 'cmake_clean_first' from command line to 'False'
[0.311s] Level 5:colcon.colcon_core.verb:set package 'newp' build argument 'cmake_force_configure' from command line to 'False'
[0.311s] Level 5:colcon.colcon_core.verb:set package 'newp' build argument 'ament_cmake_args' from command line to 'None'
[0.311s] Level 5:colcon.colcon_core.verb:set package 'newp' build argument 'catkin_cmake_args' from command line to 'None'
[0.311s] Level 5:colcon.colcon_core.verb:set package 'newp' build argument 'catkin_skip_building_tests' from command line to 'False'
[0.311s] DEBUG:colcon.colcon_core.verb:Building package 'newp' with the following arguments: {'ament_cmake_args': None, 'build_base': '/home/nilum-sachithya/ros2_ws/src/build/newp', 'catkin_cmake_args': None, 'catkin_skip_building_tests': False, 'cmake_args': None, 'cmake_clean_cache': False, 'cmake_clean_first': False, 'cmake_force_configure': False, 'cmake_target': None, 'cmake_target_skip_unavailable': False, 'install_base': '/home/nilum-sachithya/ros2_ws/src/install/newp', 'merge_install': False, 'path': '/home/nilum-sachithya/ros2_ws/src/newp', 'symlink_install': False, 'test_result_base': None}
[0.311s] INFO:colcon.colcon_core.executor:Executing jobs using 'parallel' executor
[0.312s] DEBUG:colcon.colcon_parallel_executor.executor.parallel:run_until_complete
[0.312s] INFO:colcon.colcon_ros.task.ament_cmake.build:Building ROS package in '/home/nilum-sachithya/ros2_ws/src/newp' with build type 'ament_cmake'
[0.313s] INFO:colcon.colcon_cmake.task.cmake.build:Building CMake package in '/home/nilum-sachithya/ros2_ws/src/newp'
[0.315s] INFO:colcon.colcon_core.plugin_system:Skipping extension 'colcon_core.shell.bat': Not used on non-Windows systems
[0.315s] INFO:colcon.colcon_core.shell:Skip shell extension 'powershell' for command environment: Not usable outside of PowerShell
[0.315s] DEBUG:colcon.colcon_core.shell:Skip shell extension 'dsv' for command environment
[0.324s] DEBUG:colcon.colcon_core.event_handler.log_command:Invoking command in '/home/nilum-sachithya/ros2_ws/src/build/newp': CMAKE_PREFIX_PATH=${CMAKE_PREFIX_PATH}:/opt/ros/jazzy DEBUGINFOD_URLS=https://debuginfod.ubuntu.com /usr/bin/cmake /home/nilum-sachithya/ros2_ws/src/newp -DCMAKE_INSTALL_PREFIX=/home/nilum-sachithya/ros2_ws/src/install/newp
[0.751s] DEBUG:colcon.colcon_core.event_handler.log_command:Invoked command in '/home/nilum-sachithya/ros2_ws/src/build/newp' returned '1': CMAKE_PREFIX_PATH=${CMAKE_PREFIX_PATH}:/opt/ros/jazzy DEBUGINFOD_URLS=https://debuginfod.ubuntu.com /usr/bin/cmake /home/nilum-sachithya/ros2_ws/src/newp -DCMAKE_INSTALL_PREFIX=/home/nilum-sachithya/ros2_ws/src/install/newp
[0.763s] Level 1:colcon.colcon_core.environment:create_environment_scripts_only(newp)
[0.766s] Level 1:colcon.colcon_core.environment:checking '/home/nilum-sachithya/ros2_ws/src/install/newp' for CMake module files
[0.767s] Level 1:colcon.colcon_core.environment:checking '/home/nilum-sachithya/ros2_ws/src/install/newp' for CMake config files
[0.767s] Level 1:colcon.colcon_core.environment:checking '/home/nilum-sachithya/ros2_ws/src/install/newp/bin'
[0.767s] Level 1:colcon.colcon_core.environment:checking '/home/nilum-sachithya/ros2_ws/src/install/newp/lib/pkgconfig/newp.pc'
[0.768s] Level 1:colcon.colcon_core.environment:checking '/home/nilum-sachithya/ros2_ws/src/install/newp/lib/python3.12/site-packages'
[0.768s] Level 1:colcon.colcon_core.environment:checking '/home/nilum-sachithya/ros2_ws/src/install/newp/bin'
[0.768s] INFO:colcon.colcon_core.shell:Creating package script '/home/nilum-sachithya/ros2_ws/src/install/newp/share/newp/package.ps1'
[0.769s] INFO:colcon.colcon_core.shell:Creating package descriptor '/home/nilum-sachithya/ros2_ws/src/install/newp/share/newp/package.dsv'
[0.770s] INFO:colcon.colcon_core.shell:Creating package script '/home/nilum-sachithya/ros2_ws/src/install/newp/share/newp/package.sh'
[0.770s] INFO:colcon.colcon_core.shell:Creating package script '/home/nilum-sachithya/ros2_ws/src/install/newp/share/newp/package.bash'
[0.771s] INFO:colcon.colcon_core.shell:Creating package script '/home/nilum-sachithya/ros2_ws/src/install/newp/share/newp/package.zsh'
[0.772s] Level 1:colcon.colcon_core.environment:create_file_with_runtime_dependencies(/home/nilum-sachithya/ros2_ws/src/install/newp/share/colcon-core/packages/newp)
[0.782s] DEBUG:colcon.colcon_parallel_executor.executor.parallel:closing loop
[0.782s] DEBUG:colcon.colcon_parallel_executor.executor.parallel:loop closed
[0.782s] DEBUG:colcon.colcon_parallel_executor.executor.parallel:run_until_complete finished with '1'
[0.782s] DEBUG:colcon.colcon_core.event_reactor:joining thread
[0.789s] INFO:colcon.colcon_core.plugin_system:Skipping extension 'colcon_notification.desktop_notification.terminal_notifier': Not used on non-Darwin systems
[0.789s] INFO:colcon.colcon_core.plugin_system:Skipping extension 'colcon_notification.desktop_notification.win32': Not used on non-Windows systems
[0.789s] INFO:colcon.colcon_notification.desktop_notification:Sending desktop notification using 'notify2'
[0.801s] DEBUG:colcon.colcon_core.event_reactor:joined thread
[0.801s] INFO:colcon.colcon_core.shell:Creating prefix script '/home/nilum-sachithya/ros2_ws/src/install/local_setup.ps1'
[0.802s] INFO:colcon.colcon_core.shell:Creating prefix util module '/home/nilum-sachithya/ros2_ws/src/install/_local_setup_util_ps1.py'
[0.803s] INFO:colcon.colcon_core.shell:Creating prefix chain script '/home/nilum-sachithya/ros2_ws/src/install/setup.ps1'
[0.805s] INFO:colcon.colcon_core.shell:Creating prefix script '/home/nilum-sachithya/ros2_ws/src/install/local_setup.sh'
[0.805s] INFO:colcon.colcon_core.shell:Creating prefix util module '/home/nilum-sachithya/ros2_ws/src/install/_local_setup_util_sh.py'
[0.806s] INFO:colcon.colcon_core.shell:Creating prefix chain script '/home/nilum-sachithya/ros2_ws/src/install/setup.sh'
[0.807s] INFO:colcon.colcon_core.shell:Creating prefix script '/home/nilum-sachithya/ros2_ws/src/install/local_setup.bash'
[0.808s] INFO:colcon.colcon_core.shell:Creating prefix chain script '/home/nilum-sachithya/ros2_ws/src/install/setup.bash'
[0.809s] INFO:colcon.colcon_core.shell:Creating prefix script '/home/nilum-sachithya/ros2_ws/src/install/local_setup.zsh'
[0.809s] INFO:colcon.colcon_core.shell:Creating prefix chain script '/home/nilum-sachithya/ros2_ws/src/install/setup.zsh'
