[0.000000] (-) TimerEvent: {}
[0.000298] (-) JobUnselected: {'identifier': 'turtlesim'}
[0.000355] (Nilums_pkg) JobQueued: {'identifier': 'Nilums_pkg', 'dependencies': OrderedDict()}
[0.000371] (Nilums_pkg) JobStarted: {'identifier': 'Nilums_pkg'}
[0.004696] (Nilums_pkg) JobProgress: {'identifier': 'Nilums_pkg', 'progress': 'cmake'}
[0.005078] (Nilums_pkg) Command: {'cmd': ['/usr/bin/cmake', '/home/nilum-sachithya/ros2_ws/src/Nilums_pkg', '-DCMAKE_INSTALL_PREFIX=/home/nilum-sachithya/ros2_ws/install/Nilums_pkg'], 'cwd': '/home/nilum-sachithya/ros2_ws/build/Nilums_pkg', 'env': OrderedDict({'USER': 'nilum-sachithya', 'XDG_SESSION_TYPE': 'wayland', 'SHLVL': '1', 'LD_LIBRARY_PATH': '/home/nilum-sachithya/ros2_ws/install/turtlesim/lib:/opt/ros/jazzy/opt/rviz_ogre_vendor/lib:/opt/ros/jazzy/lib/x86_64-linux-gnu:/opt/ros/jazzy/opt/gz_math_vendor/lib:/opt/ros/jazzy/opt/gz_utils_vendor/lib:/opt/ros/jazzy/opt/gz_cmake_vendor/lib:/opt/ros/jazzy/lib', 'HOME': '/home/nilum-sachithya', 'OLDPWD': '/home/nilum-sachithya/ros2_ws/src', 'DESKTOP_SESSION': 'ubuntu', 'ROS_PYTHON_VERSION': '3', 'GNOME_SHELL_SESSION_MODE': 'ubuntu', 'GTK_MODULES': 'gail:atk-bridge', 'SYSTEMD_EXEC_PID': '3153', 'GSM_SKIP_SSH_AGENT_WORKAROUND': 'true', 'DBUS_SESSION_BUS_ADDRESS': 'unix:path=/run/user/1000/bus', 'COLORTERM': 'truecolor', 'GNOME_KEYRING_CONTROL': '/run/user/1000/keyring', 'NVM_DIR': '/home/nilum-sachithya/.nvm', 'DEBUGINFOD_URLS': 'https://debuginfod.ubuntu.com', 'IM_CONFIG_PHASE': '1', 'WAYLAND_DISPLAY': 'wayland-0', 'COLCON_PREFIX_PATH': '/home/nilum-sachithya/ros2_ws/install', 'ROS_DISTRO': 'jazzy', 'LOGNAME': 'nilum-sachithya', '_': '/usr/bin/colcon', 'ROS_VERSION': '2', 'MEMORY_PRESSURE_WATCH': '/sys/fs/cgroup/user.slice/user-1000.slice/user@1000.service/session.slice/org.gnome.SettingsDaemon.MediaKeys.service/memory.pressure', 'XDG_SESSION_CLASS': 'user', 'USERNAME': 'nilum-sachithya', 'TERM': 'xterm-256color', 'GNOME_DESKTOP_SESSION_ID': 'this-is-deprecated', 'PATH': '/home/nilum-sachithya/Desktop/pintos.tar./pint/toolchain/x86_64/bin:/opt/ros/jazzy/bin:/home/nilum-sachithya/Desktop/pintos.tar./pint/toolchain/x86_64/bin:/usr/local/sbin:/usr/local/bin:/usr/sbin:/usr/bin:/sbin:/bin:/usr/games:/usr/local/games:/snap/bin:/snap/bin', 'SESSION_MANAGER': 'local/nilum-sachithya-ASUS-TUF-Gaming-F15-FX506HF-FX506HF:@/tmp/.ICE-unix/2949,unix/nilum-sachithya-ASUS-TUF-Gaming-F15-FX506HF-FX506HF:/tmp/.ICE-unix/2949', 'XDG_MENU_PREFIX': 'gnome-', 'GNOME_TERMINAL_SCREEN': '/org/gnome/Terminal/screen/b0be4c08_dff6_4551_ab2b_8db985314101', 'GNOME_SETUP_DISPLAY': ':1', 'XDG_RUNTIME_DIR': '/run/user/1000', 'DISPLAY': ':0', 'LANG': 'en_US.UTF-8', 'XDG_CURRENT_DESKTOP': 'ubuntu:GNOME', 'XMODIFIERS': '@im=ibus', 'XDG_SESSION_DESKTOP': 'ubuntu', 'XAUTHORITY': '/run/user/1000/.mutter-Xwaylandauth.KDUDJ3', 'GNOME_TERMINAL_SERVICE': ':1.123', 'SSH_AUTH_SOCK': '/run/user/1000/keyring/ssh', 'AMENT_PREFIX_PATH': '/home/nilum-sachithya/ros2_ws/install/turtlesim:/opt/ros/jazzy', 'SHELL': '/bin/bash', 'QT_ACCESSIBILITY': '1', 'GDMSESSION': 'ubuntu', 'ROS_AUTOMATIC_DISCOVERY_RANGE': 'SUBNET', 'QT_IM_MODULE': 'ibus', 'PWD': '/home/nilum-sachithya/ros2_ws/build/Nilums_pkg', 'LC_ALL': 'en_US.UTF-8', 'XDG_CONFIG_DIRS': '/etc/xdg/xdg-ubuntu:/etc/xdg', 'XDG_DATA_DIRS': '/usr/share/ubuntu:/usr/share/gnome:/usr/local/share/:/usr/share/:/var/lib/snapd/desktop', 'PYTHONPATH': '/home/nilum-sachithya/ros2_ws/install/turtlesim/lib/python3.12/site-packages:/opt/ros/jazzy/lib/python3.12/site-packages', 'COLCON': '1', 'MEMORY_PRESSURE_WRITE': 'c29tZSAyMDAwMDAgMjAwMDAwMAA=', 'VTE_VERSION': '7600', 'CMAKE_PREFIX_PATH': '/home/nilum-sachithya/ros2_ws/install/turtlesim:/opt/ros/jazzy/opt/gz_math_vendor:/opt/ros/jazzy/opt/gz_utils_vendor:/opt/ros/jazzy/opt/gz_cmake_vendor:/opt/ros/jazzy'}), 'shell': False}
[0.041657] (Nilums_pkg) StdoutLine: {'line': b'-- The C compiler identification is GNU 13.3.0\n'}
[0.084934] (Nilums_pkg) StdoutLine: {'line': b'-- The CXX compiler identification is GNU 13.3.0\n'}
[0.094564] (Nilums_pkg) StdoutLine: {'line': b'-- Detecting C compiler ABI info\n'}
[0.099848] (-) TimerEvent: {}
[0.173411] (Nilums_pkg) StdoutLine: {'line': b'-- Detecting C compiler ABI info - done\n'}
[0.181982] (Nilums_pkg) StdoutLine: {'line': b'-- Check for working C compiler: /usr/bin/cc - skipped\n'}
[0.182224] (Nilums_pkg) StdoutLine: {'line': b'-- Detecting C compile features\n'}
[0.182800] (Nilums_pkg) StdoutLine: {'line': b'-- Detecting C compile features - done\n'}
[0.192522] (Nilums_pkg) StdoutLine: {'line': b'-- Detecting CXX compiler ABI info\n'}
[0.199974] (-) TimerEvent: {}
[0.272115] (Nilums_pkg) StdoutLine: {'line': b'-- Detecting CXX compiler ABI info - done\n'}
[0.278402] (Nilums_pkg) StdoutLine: {'line': b'-- Check for working CXX compiler: /usr/bin/c++ - skipped\n'}
[0.278548] (Nilums_pkg) StdoutLine: {'line': b'-- Detecting CXX compile features\n'}
[0.278952] (Nilums_pkg) StdoutLine: {'line': b'-- Detecting CXX compile features - done\n'}
[0.280505] (Nilums_pkg) StdoutLine: {'line': b'-- Found ament_cmake: 2.5.4 (/opt/ros/jazzy/share/ament_cmake/cmake)\n'}
[0.300104] (-) TimerEvent: {}
[0.367741] (Nilums_pkg) StdoutLine: {'line': b'-- Found Python3: /usr/bin/python3 (found version "3.12.3") found components: Interpreter \n'}
[0.400201] (-) TimerEvent: {}
[0.430405] (Nilums_pkg) StdoutLine: {'line': b'-- Found ament_lint_auto: 0.17.3 (/opt/ros/jazzy/share/ament_lint_auto/cmake)\n'}
[0.477354] (Nilums_pkg) StderrLine: {'line': b'WARNING: Package name "Nilums_pkg" does not follow the naming conventions. It should start with a lower case letter and only contain lower case letters, digits, underscores, and dashes.\n'}
[0.495710] (Nilums_pkg) StdoutLine: {'line': b"-- Added test 'cppcheck' to perform static code analysis on C / C++ code\n"}
[0.495853] (Nilums_pkg) StdoutLine: {'line': b'-- Configured cppcheck include dirs: $<BUILD_INTERFACE:/home/nilum-sachithya/ros2_ws/src/Nilums_pkg/include>\n'}
[0.495902] (Nilums_pkg) StdoutLine: {'line': b'-- Configured cppcheck exclude dirs and/or files: \n'}
[0.496353] (Nilums_pkg) StdoutLine: {'line': b"-- Added test 'lint_cmake' to check CMake code style\n"}
[0.496937] (Nilums_pkg) StdoutLine: {'line': b"-- Added test 'uncrustify' to check C / C++ code style\n"}
[0.497018] (Nilums_pkg) StdoutLine: {'line': b'-- Configured uncrustify additional arguments: \n'}
[0.497185] (Nilums_pkg) StdoutLine: {'line': b"-- Added test 'xmllint' to check XML markup files\n"}
[0.498023] (Nilums_pkg) StdoutLine: {'line': b'-- Configuring done (0.5s)\n'}
[0.500302] (-) TimerEvent: {}
[0.500668] (Nilums_pkg) StdoutLine: {'line': b'-- Generating done (0.0s)\n'}
[0.501980] (Nilums_pkg) StdoutLine: {'line': b'-- Build files have been written to: /home/nilum-sachithya/ros2_ws/build/Nilums_pkg\n'}
[0.505155] (Nilums_pkg) CommandEnded: {'returncode': 0}
[0.505530] (Nilums_pkg) JobProgress: {'identifier': 'Nilums_pkg', 'progress': 'build'}
[0.506016] (Nilums_pkg) Command: {'cmd': ['/usr/bin/cmake', '--build', '/home/nilum-sachithya/ros2_ws/build/Nilums_pkg', '--', '-j16', '-l16'], 'cwd': '/home/nilum-sachithya/ros2_ws/build/Nilums_pkg', 'env': OrderedDict({'USER': 'nilum-sachithya', 'XDG_SESSION_TYPE': 'wayland', 'SHLVL': '1', 'LD_LIBRARY_PATH': '/home/nilum-sachithya/ros2_ws/install/turtlesim/lib:/opt/ros/jazzy/opt/rviz_ogre_vendor/lib:/opt/ros/jazzy/lib/x86_64-linux-gnu:/opt/ros/jazzy/opt/gz_math_vendor/lib:/opt/ros/jazzy/opt/gz_utils_vendor/lib:/opt/ros/jazzy/opt/gz_cmake_vendor/lib:/opt/ros/jazzy/lib', 'HOME': '/home/nilum-sachithya', 'OLDPWD': '/home/nilum-sachithya/ros2_ws/src', 'DESKTOP_SESSION': 'ubuntu', 'ROS_PYTHON_VERSION': '3', 'GNOME_SHELL_SESSION_MODE': 'ubuntu', 'GTK_MODULES': 'gail:atk-bridge', 'SYSTEMD_EXEC_PID': '3153', 'GSM_SKIP_SSH_AGENT_WORKAROUND': 'true', 'DBUS_SESSION_BUS_ADDRESS': 'unix:path=/run/user/1000/bus', 'COLORTERM': 'truecolor', 'GNOME_KEYRING_CONTROL': '/run/user/1000/keyring', 'NVM_DIR': '/home/nilum-sachithya/.nvm', 'DEBUGINFOD_URLS': 'https://debuginfod.ubuntu.com', 'IM_CONFIG_PHASE': '1', 'WAYLAND_DISPLAY': 'wayland-0', 'COLCON_PREFIX_PATH': '/home/nilum-sachithya/ros2_ws/install', 'ROS_DISTRO': 'jazzy', 'LOGNAME': 'nilum-sachithya', '_': '/usr/bin/colcon', 'ROS_VERSION': '2', 'MEMORY_PRESSURE_WATCH': '/sys/fs/cgroup/user.slice/user-1000.slice/user@1000.service/session.slice/org.gnome.SettingsDaemon.MediaKeys.service/memory.pressure', 'XDG_SESSION_CLASS': 'user', 'USERNAME': 'nilum-sachithya', 'TERM': 'xterm-256color', 'GNOME_DESKTOP_SESSION_ID': 'this-is-deprecated', 'PATH': '/home/nilum-sachithya/Desktop/pintos.tar./pint/toolchain/x86_64/bin:/opt/ros/jazzy/bin:/home/nilum-sachithya/Desktop/pintos.tar./pint/toolchain/x86_64/bin:/usr/local/sbin:/usr/local/bin:/usr/sbin:/usr/bin:/sbin:/bin:/usr/games:/usr/local/games:/snap/bin:/snap/bin', 'SESSION_MANAGER': 'local/nilum-sachithya-ASUS-TUF-Gaming-F15-FX506HF-FX506HF:@/tmp/.ICE-unix/2949,unix/nilum-sachithya-ASUS-TUF-Gaming-F15-FX506HF-FX506HF:/tmp/.ICE-unix/2949', 'XDG_MENU_PREFIX': 'gnome-', 'GNOME_TERMINAL_SCREEN': '/org/gnome/Terminal/screen/b0be4c08_dff6_4551_ab2b_8db985314101', 'GNOME_SETUP_DISPLAY': ':1', 'XDG_RUNTIME_DIR': '/run/user/1000', 'DISPLAY': ':0', 'LANG': 'en_US.UTF-8', 'XDG_CURRENT_DESKTOP': 'ubuntu:GNOME', 'XMODIFIERS': '@im=ibus', 'XDG_SESSION_DESKTOP': 'ubuntu', 'XAUTHORITY': '/run/user/1000/.mutter-Xwaylandauth.KDUDJ3', 'GNOME_TERMINAL_SERVICE': ':1.123', 'SSH_AUTH_SOCK': '/run/user/1000/keyring/ssh', 'AMENT_PREFIX_PATH': '/home/nilum-sachithya/ros2_ws/install/turtlesim:/opt/ros/jazzy', 'SHELL': '/bin/bash', 'QT_ACCESSIBILITY': '1', 'GDMSESSION': 'ubuntu', 'ROS_AUTOMATIC_DISCOVERY_RANGE': 'SUBNET', 'QT_IM_MODULE': 'ibus', 'PWD': '/home/nilum-sachithya/ros2_ws/build/Nilums_pkg', 'LC_ALL': 'en_US.UTF-8', 'XDG_CONFIG_DIRS': '/etc/xdg/xdg-ubuntu:/etc/xdg', 'XDG_DATA_DIRS': '/usr/share/ubuntu:/usr/share/gnome:/usr/local/share/:/usr/share/:/var/lib/snapd/desktop', 'PYTHONPATH': '/home/nilum-sachithya/ros2_ws/install/turtlesim/lib/python3.12/site-packages:/opt/ros/jazzy/lib/python3.12/site-packages', 'COLCON': '1', 'MEMORY_PRESSURE_WRITE': 'c29tZSAyMDAwMDAgMjAwMDAwMAA=', 'VTE_VERSION': '7600', 'CMAKE_PREFIX_PATH': '/home/nilum-sachithya/ros2_ws/install/turtlesim:/opt/ros/jazzy/opt/gz_math_vendor:/opt/ros/jazzy/opt/gz_utils_vendor:/opt/ros/jazzy/opt/gz_cmake_vendor:/opt/ros/jazzy'}), 'shell': False}
[0.533233] (Nilums_pkg) StdoutLine: {'line': b'[ 50%] \x1b[32mBuilding CXX object CMakeFiles/Nilums_Node.dir/src/Nilums_Node.cpp.o\x1b[0m\n'}
[0.551079] (Nilums_pkg) StdoutLine: {'line': b'[100%] \x1b[32m\x1b[1mLinking CXX executable Nilums_Node\x1b[0m\n'}
[0.577570] (Nilums_pkg) StdoutLine: {'line': b'[100%] Built target Nilums_Node\n'}
[0.584475] (Nilums_pkg) CommandEnded: {'returncode': 0}
[0.584957] (Nilums_pkg) JobProgress: {'identifier': 'Nilums_pkg', 'progress': 'install'}
[0.589857] (Nilums_pkg) Command: {'cmd': ['/usr/bin/cmake', '--install', '/home/nilum-sachithya/ros2_ws/build/Nilums_pkg'], 'cwd': '/home/nilum-sachithya/ros2_ws/build/Nilums_pkg', 'env': OrderedDict({'USER': 'nilum-sachithya', 'XDG_SESSION_TYPE': 'wayland', 'SHLVL': '1', 'LD_LIBRARY_PATH': '/home/nilum-sachithya/ros2_ws/install/turtlesim/lib:/opt/ros/jazzy/opt/rviz_ogre_vendor/lib:/opt/ros/jazzy/lib/x86_64-linux-gnu:/opt/ros/jazzy/opt/gz_math_vendor/lib:/opt/ros/jazzy/opt/gz_utils_vendor/lib:/opt/ros/jazzy/opt/gz_cmake_vendor/lib:/opt/ros/jazzy/lib', 'HOME': '/home/nilum-sachithya', 'OLDPWD': '/home/nilum-sachithya/ros2_ws/src', 'DESKTOP_SESSION': 'ubuntu', 'ROS_PYTHON_VERSION': '3', 'GNOME_SHELL_SESSION_MODE': 'ubuntu', 'GTK_MODULES': 'gail:atk-bridge', 'SYSTEMD_EXEC_PID': '3153', 'GSM_SKIP_SSH_AGENT_WORKAROUND': 'true', 'DBUS_SESSION_BUS_ADDRESS': 'unix:path=/run/user/1000/bus', 'COLORTERM': 'truecolor', 'GNOME_KEYRING_CONTROL': '/run/user/1000/keyring', 'NVM_DIR': '/home/nilum-sachithya/.nvm', 'DEBUGINFOD_URLS': 'https://debuginfod.ubuntu.com', 'IM_CONFIG_PHASE': '1', 'WAYLAND_DISPLAY': 'wayland-0', 'COLCON_PREFIX_PATH': '/home/nilum-sachithya/ros2_ws/install', 'ROS_DISTRO': 'jazzy', 'LOGNAME': 'nilum-sachithya', '_': '/usr/bin/colcon', 'ROS_VERSION': '2', 'MEMORY_PRESSURE_WATCH': '/sys/fs/cgroup/user.slice/user-1000.slice/user@1000.service/session.slice/org.gnome.SettingsDaemon.MediaKeys.service/memory.pressure', 'XDG_SESSION_CLASS': 'user', 'USERNAME': 'nilum-sachithya', 'TERM': 'xterm-256color', 'GNOME_DESKTOP_SESSION_ID': 'this-is-deprecated', 'PATH': '/home/nilum-sachithya/Desktop/pintos.tar./pint/toolchain/x86_64/bin:/opt/ros/jazzy/bin:/home/nilum-sachithya/Desktop/pintos.tar./pint/toolchain/x86_64/bin:/usr/local/sbin:/usr/local/bin:/usr/sbin:/usr/bin:/sbin:/bin:/usr/games:/usr/local/games:/snap/bin:/snap/bin', 'SESSION_MANAGER': 'local/nilum-sachithya-ASUS-TUF-Gaming-F15-FX506HF-FX506HF:@/tmp/.ICE-unix/2949,unix/nilum-sachithya-ASUS-TUF-Gaming-F15-FX506HF-FX506HF:/tmp/.ICE-unix/2949', 'XDG_MENU_PREFIX': 'gnome-', 'GNOME_TERMINAL_SCREEN': '/org/gnome/Terminal/screen/b0be4c08_dff6_4551_ab2b_8db985314101', 'GNOME_SETUP_DISPLAY': ':1', 'XDG_RUNTIME_DIR': '/run/user/1000', 'DISPLAY': ':0', 'LANG': 'en_US.UTF-8', 'XDG_CURRENT_DESKTOP': 'ubuntu:GNOME', 'XMODIFIERS': '@im=ibus', 'XDG_SESSION_DESKTOP': 'ubuntu', 'XAUTHORITY': '/run/user/1000/.mutter-Xwaylandauth.KDUDJ3', 'GNOME_TERMINAL_SERVICE': ':1.123', 'SSH_AUTH_SOCK': '/run/user/1000/keyring/ssh', 'AMENT_PREFIX_PATH': '/home/nilum-sachithya/ros2_ws/install/turtlesim:/opt/ros/jazzy', 'SHELL': '/bin/bash', 'QT_ACCESSIBILITY': '1', 'GDMSESSION': 'ubuntu', 'ROS_AUTOMATIC_DISCOVERY_RANGE': 'SUBNET', 'QT_IM_MODULE': 'ibus', 'PWD': '/home/nilum-sachithya/ros2_ws/build/Nilums_pkg', 'LC_ALL': 'en_US.UTF-8', 'XDG_CONFIG_DIRS': '/etc/xdg/xdg-ubuntu:/etc/xdg', 'XDG_DATA_DIRS': '/usr/share/ubuntu:/usr/share/gnome:/usr/local/share/:/usr/share/:/var/lib/snapd/desktop', 'PYTHONPATH': '/home/nilum-sachithya/ros2_ws/install/turtlesim/lib/python3.12/site-packages:/opt/ros/jazzy/lib/python3.12/site-packages', 'COLCON': '1', 'MEMORY_PRESSURE_WRITE': 'c29tZSAyMDAwMDAgMjAwMDAwMAA=', 'VTE_VERSION': '7600', 'CMAKE_PREFIX_PATH': '/home/nilum-sachithya/ros2_ws/install/turtlesim:/opt/ros/jazzy/opt/gz_math_vendor:/opt/ros/jazzy/opt/gz_utils_vendor:/opt/ros/jazzy/opt/gz_cmake_vendor:/opt/ros/jazzy'}), 'shell': False}
[0.593952] (Nilums_pkg) StdoutLine: {'line': b'-- Install configuration: ""\n'}
[0.594054] (Nilums_pkg) StdoutLine: {'line': b'-- Installing: /home/nilum-sachithya/ros2_ws/install/Nilums_pkg/lib/Nilums_pkg/Nilums_Node\n'}
[0.594216] (Nilums_pkg) StdoutLine: {'line': b'-- Installing: /home/nilum-sachithya/ros2_ws/install/Nilums_pkg/share/ament_index/resource_index/package_run_dependencies/Nilums_pkg\n'}
[0.594299] (Nilums_pkg) StdoutLine: {'line': b'-- Installing: /home/nilum-sachithya/ros2_ws/install/Nilums_pkg/share/ament_index/resource_index/parent_prefix_path/Nilums_pkg\n'}
[0.594384] (Nilums_pkg) StdoutLine: {'line': b'-- Installing: /home/nilum-sachithya/ros2_ws/install/Nilums_pkg/share/Nilums_pkg/environment/ament_prefix_path.sh\n'}
[0.594446] (Nilums_pkg) StdoutLine: {'line': b'-- Installing: /home/nilum-sachithya/ros2_ws/install/Nilums_pkg/share/Nilums_pkg/environment/ament_prefix_path.dsv\n'}
[0.594504] (Nilums_pkg) StdoutLine: {'line': b'-- Installing: /home/nilum-sachithya/ros2_ws/install/Nilums_pkg/share/Nilums_pkg/environment/path.sh\n'}
[0.594569] (Nilums_pkg) StdoutLine: {'line': b'-- Installing: /home/nilum-sachithya/ros2_ws/install/Nilums_pkg/share/Nilums_pkg/environment/path.dsv\n'}
[0.594627] (Nilums_pkg) StdoutLine: {'line': b'-- Installing: /home/nilum-sachithya/ros2_ws/install/Nilums_pkg/share/Nilums_pkg/local_setup.bash\n'}
[0.594690] (Nilums_pkg) StdoutLine: {'line': b'-- Installing: /home/nilum-sachithya/ros2_ws/install/Nilums_pkg/share/Nilums_pkg/local_setup.sh\n'}
[0.594791] (Nilums_pkg) StdoutLine: {'line': b'-- Installing: /home/nilum-sachithya/ros2_ws/install/Nilums_pkg/share/Nilums_pkg/local_setup.zsh\n'}
[0.594863] (Nilums_pkg) StdoutLine: {'line': b'-- Installing: /home/nilum-sachithya/ros2_ws/install/Nilums_pkg/share/Nilums_pkg/local_setup.dsv\n'}
[0.594925] (Nilums_pkg) StdoutLine: {'line': b'-- Installing: /home/nilum-sachithya/ros2_ws/install/Nilums_pkg/share/Nilums_pkg/package.dsv\n'}
[0.595011] (Nilums_pkg) StdoutLine: {'line': b'-- Installing: /home/nilum-sachithya/ros2_ws/install/Nilums_pkg/share/ament_index/resource_index/packages/Nilums_pkg\n'}
[0.595085] (Nilums_pkg) StdoutLine: {'line': b'-- Installing: /home/nilum-sachithya/ros2_ws/install/Nilums_pkg/share/Nilums_pkg/cmake/Nilums_pkgConfig.cmake\n'}
[0.595148] (Nilums_pkg) StdoutLine: {'line': b'-- Installing: /home/nilum-sachithya/ros2_ws/install/Nilums_pkg/share/Nilums_pkg/cmake/Nilums_pkgConfig-version.cmake\n'}
[0.595207] (Nilums_pkg) StdoutLine: {'line': b'-- Installing: /home/nilum-sachithya/ros2_ws/install/Nilums_pkg/share/Nilums_pkg/package.xml\n'}
[0.596146] (Nilums_pkg) CommandEnded: {'returncode': 0}
[0.600380] (-) TimerEvent: {}
[0.605816] (Nilums_pkg) JobEnded: {'identifier': 'Nilums_pkg', 'rc': 0}
[0.606195] (-) EventReactorShutdown: {}
